{"C:\\Users\\UCHE\\Desktop\\projects\\capStone-DevC\\src\\app.js":{"path":"C:\\Users\\UCHE\\Desktop\\projects\\capStone-DevC\\src\\app.js","statementMap":{"0":{"start":{"line":3,"column":0},"end":{"line":5,"column":3}},"1":{"start":{"line":7,"column":15},"end":{"line":7,"column":33}},"2":{"start":{"line":9,"column":16},"end":{"line":9,"column":48}},"3":{"start":{"line":11,"column":12},"end":{"line":11,"column":27}},"4":{"start":{"line":13,"column":13},"end":{"line":13,"column":42}},"5":{"start":{"line":15,"column":25},"end":{"line":15,"column":54}},"6":{"start":{"line":17,"column":26},"end":{"line":17,"column":68}},"7":{"start":{"line":19,"column":0},"end":{"line":19,"column":25}},"8":{"start":{"line":21,"column":14},"end":{"line":21,"column":33}},"9":{"start":{"line":23,"column":15},"end":{"line":23,"column":46}},"10":{"start":{"line":25,"column":39},"end":{"line":25,"column":93}},"11":{"start":{"line":27,"column":10},"end":{"line":27,"column":34}},"12":{"start":{"line":29,"column":0},"end":{"line":29,"column":31}},"13":{"start":{"line":30,"column":0},"end":{"line":32,"column":4}},"14":{"start":{"line":33,"column":0},"end":{"line":33,"column":34}},"15":{"start":{"line":34,"column":0},"end":{"line":34,"column":58}},"16":{"start":{"line":36,"column":0},"end":{"line":40,"column":3}},"17":{"start":{"line":37,"column":2},"end":{"line":39,"column":5}},"18":{"start":{"line":42,"column":0},"end":{"line":42,"column":37}},"19":{"start":{"line":44,"column":11},"end":{"line":44,"column":35}},"20":{"start":{"line":45,"column":0},"end":{"line":47,"column":3}},"21":{"start":{"line":46,"column":2},"end":{"line":46,"column":50}},"22":{"start":{"line":49,"column":0},"end":{"line":49,"column":22}}},"fnMap":{"0":{"name":"_interopRequireDefault","decl":{"start":{"line":25,"column":9},"end":{"line":25,"column":31}},"loc":{"start":{"line":25,"column":37},"end":{"line":25,"column":95}},"line":25},"1":{"name":"(anonymous_1)","decl":{"start":{"line":36,"column":13},"end":{"line":36,"column":14}},"loc":{"start":{"line":36,"column":33},"end":{"line":40,"column":1}},"line":36},"2":{"name":"(anonymous_2)","decl":{"start":{"line":45,"column":17},"end":{"line":45,"column":18}},"loc":{"start":{"line":45,"column":29},"end":{"line":47,"column":1}},"line":45}},"branchMap":{"0":{"loc":{"start":{"line":25,"column":46},"end":{"line":25,"column":92}},"type":"cond-expr","locations":[{"start":{"line":25,"column":70},"end":{"line":25,"column":73}},{"start":{"line":25,"column":76},"end":{"line":25,"column":92}}],"line":25},"1":{"loc":{"start":{"line":25,"column":46},"end":{"line":25,"column":67}},"type":"binary-expr","locations":[{"start":{"line":25,"column":46},"end":{"line":25,"column":49}},{"start":{"line":25,"column":53},"end":{"line":25,"column":67}}],"line":25},"2":{"loc":{"start":{"line":44,"column":11},"end":{"line":44,"column":35}},"type":"binary-expr","locations":[{"start":{"line":44,"column":11},"end":{"line":44,"column":27}},{"start":{"line":44,"column":31},"end":{"line":44,"column":35}}],"line":44}},"s":{"0":1,"1":1,"2":1,"3":1,"4":1,"5":1,"6":1,"7":1,"8":1,"9":1,"10":4,"11":1,"12":1,"13":1,"14":1,"15":1,"16":1,"17":1,"18":1,"19":1,"20":1,"21":1,"22":1},"f":{"0":4,"1":1,"2":1},"b":{"0":[1,3],"1":[4,4],"2":[1,1]},"inputSourceMap":{"version":3,"sources":["app.js"],"names":["app","use","createParentPath","express","json","urlencoded","extended","get","req","res","status","send","message","apiRoutes","port","process","env","PORT","listen","console","log"],"mappings":";;;;;;AAAA;;;;AACA;;;;AACA;;;;AACA;;AAEA;;;;;;AAGA,IAAMA,MAAM,wBAAZ;;AAEAA,IAAIC,GAAJ,CAAQ,qBAAR;AACAD,IAAIC,GAAJ,CAAQ,iCAAkB;AACxBC,oBAAkB;AADM,CAAlB,CAAR;AAGAF,IAAIC,GAAJ,CAAQE,kBAAQC,IAAR,EAAR;AACAJ,IAAIC,GAAJ,CAAQE,kBAAQE,UAAR,CAAmB,EAAEC,UAAU,IAAZ,EAAnB,CAAR;;AAGAN,IAAIO,GAAJ,CAAQ,GAAR,EAAa,UAACC,GAAD,EAAMC,GAAN,EAAc;AACzBA,MAAIC,MAAJ,CAAW,GAAX,EAAgBC,IAAhB,CAAqB;AACnBC,aAAS;AADU,GAArB;AAGD,CAJD;;AAMAZ,IAAIC,GAAJ,CAAQ,SAAR,EAAmBY,gBAAnB;;AAGA,IAAMC,OAAOC,QAAQC,GAAR,CAAYC,IAAZ,IAAoB,IAAjC;AACAjB,IAAIkB,MAAJ,CAAWJ,IAAX,EAAiB,YAAM;AACrBK,UAAQC,GAAR,+BAAwCN,IAAxC;AACD,CAFD;;kBAIed,G","file":"app.js","sourceRoot":"C:/Users/UCHE/Desktop/projects/capStone-DevC/src","sourcesContent":["import express from 'express';\nimport cors from 'cors';\nimport expressFileUpload from 'express-fileupload';\nimport 'dotenv/config';\n\nimport apiRoutes from './routes';\n\n\nconst app = express();\n\napp.use(cors());\napp.use(expressFileUpload({\n  createParentPath: true\n}));\napp.use(express.json());\napp.use(express.urlencoded({ extended: true }));\n\n\napp.get('/', (req, res) => {\n  res.status(200).send({\n    message: 'Welcome to TeamWork',\n  });\n});\n\napp.use('/api/v1', apiRoutes);\n\n\nconst port = process.env.PORT || 3000;\napp.listen(port, () => {\n  console.log(`TeamWork started on port ${port}`);\n});\n\nexport default app;\n"]},"_coverageSchema":"1a1c01bbd47fc00a2c39e90264f33305004495a9","hash":"7e7c0f0984c2807f6ef73fafc1f06f25f258a2ee","contentHash":"5367ebc706ea6ba4491a5a8fd7502f0ab7f0be1a0f5d311aca33acba122af8a5"},"C:\\Users\\UCHE\\Desktop\\projects\\capStone-DevC\\src\\routes\\index.js":{"path":"C:\\Users\\UCHE\\Desktop\\projects\\capStone-DevC\\src\\routes\\index.js","statementMap":{"0":{"start":{"line":3,"column":0},"end":{"line":5,"column":3}},"1":{"start":{"line":7,"column":15},"end":{"line":7,"column":33}},"2":{"start":{"line":9,"column":16},"end":{"line":9,"column":48}},"3":{"start":{"line":11,"column":12},"end":{"line":11,"column":33}},"4":{"start":{"line":13,"column":13},"end":{"line":13,"column":42}},"5":{"start":{"line":15,"column":15},"end":{"line":15,"column":39}},"6":{"start":{"line":17,"column":16},"end":{"line":17,"column":48}},"7":{"start":{"line":19,"column":11},"end":{"line":19,"column":31}},"8":{"start":{"line":21,"column":12},"end":{"line":21,"column":40}},"9":{"start":{"line":23,"column":12},"end":{"line":23,"column":33}},"10":{"start":{"line":25,"column":13},"end":{"line":25,"column":42}},"11":{"start":{"line":27,"column":39},"end":{"line":27,"column":93}},"12":{"start":{"line":29,"column":13},"end":{"line":29,"column":39}},"13":{"start":{"line":31,"column":0},"end":{"line":31,"column":36}},"14":{"start":{"line":32,"column":0},"end":{"line":32,"column":43}},"15":{"start":{"line":33,"column":0},"end":{"line":33,"column":34}},"16":{"start":{"line":34,"column":0},"end":{"line":34,"column":36}},"17":{"start":{"line":36,"column":0},"end":{"line":36,"column":25}}},"fnMap":{"0":{"name":"_interopRequireDefault","decl":{"start":{"line":27,"column":9},"end":{"line":27,"column":31}},"loc":{"start":{"line":27,"column":37},"end":{"line":27,"column":95}},"line":27}},"branchMap":{"0":{"loc":{"start":{"line":27,"column":46},"end":{"line":27,"column":92}},"type":"cond-expr","locations":[{"start":{"line":27,"column":70},"end":{"line":27,"column":73}},{"start":{"line":27,"column":76},"end":{"line":27,"column":92}}],"line":27},"1":{"loc":{"start":{"line":27,"column":46},"end":{"line":27,"column":67}},"type":"binary-expr","locations":[{"start":{"line":27,"column":46},"end":{"line":27,"column":49}},{"start":{"line":27,"column":53},"end":{"line":27,"column":67}}],"line":27}},"s":{"0":1,"1":1,"2":1,"3":1,"4":1,"5":1,"6":1,"7":1,"8":1,"9":1,"10":1,"11":5,"12":1,"13":1,"14":1,"15":1,"16":1,"17":1},"f":{"0":5},"b":{"0":[4,1],"1":[5,5]},"inputSourceMap":{"version":3,"sources":["index.js"],"names":["router","express","Router","use","userRoute","articleRouter","gifRouter","feedRouter"],"mappings":";;;;;;AAAA;;;;AACA;;;;AACA;;;;AACA;;;;AACA;;;;;;AAEA,IAAMA,SAASC,kBAAQC,MAAR,EAAf;;AAEAF,OAAOG,GAAP,CAAW,OAAX,EAAoBC,cAApB;AACAJ,OAAOG,GAAP,CAAW,WAAX,EAAwBE,iBAAxB;AACAL,OAAOG,GAAP,CAAW,MAAX,EAAmBG,aAAnB;AACAN,OAAOG,GAAP,CAAW,OAAX,EAAoBI,cAApB;;kBAEeP,M","file":"index.js","sourceRoot":"C:/Users/UCHE/Desktop/projects/capStone-DevC/src/routes","sourcesContent":["import express from 'express';\r\nimport userRoute from './api/user';\r\nimport articleRouter from './api/article';\r\nimport gifRouter from './api/gif';\r\nimport feedRouter from './api/feed';\r\n\r\nconst router = express.Router();\r\n\r\nrouter.use('/auth', userRoute);\r\nrouter.use('/articles', articleRouter);\r\nrouter.use('/gif', gifRouter);\r\nrouter.use('/feed', feedRouter);\r\n\r\nexport default router;\r\n"]},"_coverageSchema":"1a1c01bbd47fc00a2c39e90264f33305004495a9","hash":"3ff40fe7af1749718b2a478dc6d85b7183bae6db","contentHash":"de3898ac36afb4f823dc72b5c03f96f643204ee1bf82260e47f05de015dceed3"},"C:\\Users\\UCHE\\Desktop\\projects\\capStone-DevC\\src\\routes\\api\\user.js":{"path":"C:\\Users\\UCHE\\Desktop\\projects\\capStone-DevC\\src\\routes\\api\\user.js","statementMap":{"0":{"start":{"line":3,"column":0},"end":{"line":5,"column":3}},"1":{"start":{"line":7,"column":15},"end":{"line":7,"column":33}},"2":{"start":{"line":9,"column":16},"end":{"line":9,"column":48}},"3":{"start":{"line":11,"column":19},"end":{"line":11,"column":47}},"4":{"start":{"line":13,"column":19},"end":{"line":13,"column":47}},"5":{"start":{"line":15,"column":39},"end":{"line":15,"column":93}},"6":{"start":{"line":17,"column":18},"end":{"line":17,"column":55}},"7":{"start":{"line":18,"column":21},"end":{"line":18,"column":61}},"8":{"start":{"line":19,"column":18},"end":{"line":19,"column":55}},"9":{"start":{"line":20,"column":19},"end":{"line":20,"column":59}},"10":{"start":{"line":21,"column":15},"end":{"line":21,"column":51}},"11":{"start":{"line":22,"column":16},"end":{"line":22,"column":53}},"12":{"start":{"line":25,"column":13},"end":{"line":25,"column":39}},"13":{"start":{"line":27,"column":0},"end":{"line":27,"column":107}},"14":{"start":{"line":29,"column":0},"end":{"line":29,"column":112}},"15":{"start":{"line":31,"column":0},"end":{"line":31,"column":57}},"16":{"start":{"line":33,"column":0},"end":{"line":33,"column":75}},"17":{"start":{"line":35,"column":0},"end":{"line":35,"column":25}}},"fnMap":{"0":{"name":"_interopRequireDefault","decl":{"start":{"line":15,"column":9},"end":{"line":15,"column":31}},"loc":{"start":{"line":15,"column":37},"end":{"line":15,"column":95}},"line":15}},"branchMap":{"0":{"loc":{"start":{"line":15,"column":46},"end":{"line":15,"column":92}},"type":"cond-expr","locations":[{"start":{"line":15,"column":70},"end":{"line":15,"column":73}},{"start":{"line":15,"column":76},"end":{"line":15,"column":92}}],"line":15},"1":{"loc":{"start":{"line":15,"column":46},"end":{"line":15,"column":67}},"type":"binary-expr","locations":[{"start":{"line":15,"column":46},"end":{"line":15,"column":49}},{"start":{"line":15,"column":53},"end":{"line":15,"column":67}}],"line":15}},"s":{"0":1,"1":1,"2":1,"3":1,"4":1,"5":1,"6":1,"7":1,"8":1,"9":1,"10":1,"11":1,"12":1,"13":1,"14":1,"15":1,"16":1,"17":1},"f":{"0":1},"b":{"0":[0,1],"1":[1,1]},"inputSourceMap":{"version":3,"sources":["user.js"],"names":["verifyToken","Authenticate","verifyRootUser","verifyAdmin","registerUser","UserController","getUsers","loginUser","router","express","Router","post","get"],"mappings":";;;;;;AAAA;;;;AACA;;AACA;;;;IAEQA,W,GAA6CC,yB,CAA7CD,W;IAAaE,c,GAAgCD,yB,CAAhCC,c;IAAgBC,W,GAAgBF,yB,CAAhBE,W;IAC7BC,Y,GAAsCC,2B,CAAtCD,Y;IAAcE,Q,GAAwBD,2B,CAAxBC,Q;IAAUC,S,GAAcF,2B,CAAdE,S;;;AAEhC,IAAMC,SAASC,kBAAQC,MAAR,EAAf;;AAEAF,OAAOG,IAAP,CAAY,mBAAZ,EAAiC,2BAAS,cAAT,CAAjC,EAA2DT,cAA3D,EAA2EE,YAA3E;;AAEAI,OAAOG,IAAP,CAAY,cAAZ,EAA4B,2BAAS,cAAT,CAA5B,EAAsDX,WAAtD,EAAmEG,WAAnE,EAAgFC,YAAhF;;AAEAI,OAAOI,GAAP,CAAW,QAAX,EAAqBZ,WAArB,EAAkCG,WAAlC,EAA+CG,QAA/C;;AAEAE,OAAOG,IAAP,CAAY,SAAZ,EAAuB,2BAAS,WAAT,CAAvB,EAA8CJ,SAA9C;;kBAEeC,M","file":"user.js","sourceRoot":"C:/Users/UCHE/Desktop/projects/capStone-DevC/src/routes/api","sourcesContent":["import express from 'express';\r\nimport { UserController } from '../../controllers';\r\nimport { Authenticate, validate } from '../../middlewares';\r\n\r\nconst { verifyToken, verifyRootUser, verifyAdmin } = Authenticate;\r\nconst { registerUser, getUsers, loginUser } = UserController;\r\n\r\nconst router = express.Router();\r\n\r\nrouter.post('/create-user-root', validate('userRegister'), verifyRootUser, registerUser);\r\n\r\nrouter.post('/create-user', validate('userRegister'), verifyToken, verifyAdmin, registerUser);\r\n\r\nrouter.get('/users', verifyToken, verifyAdmin, getUsers);\r\n\r\nrouter.post('/signin', validate('loginUser'), loginUser);\r\n\r\nexport default router;\r\n"]},"_coverageSchema":"1a1c01bbd47fc00a2c39e90264f33305004495a9","hash":"dfa35a310d6c00f20292f61368fd59045a20c3e1","contentHash":"8d0ba5a2a25617baf4ba9753b400f92d6ceb9a403b96a6c8540869c36e308f1d"},"C:\\Users\\UCHE\\Desktop\\projects\\capStone-DevC\\src\\controllers\\index.js":{"path":"C:\\Users\\UCHE\\Desktop\\projects\\capStone-DevC\\src\\controllers\\index.js","statementMap":{"0":{"start":{"line":3,"column":0},"end":{"line":5,"column":3}},"1":{"start":{"line":6,"column":0},"end":{"line":6,"column":112}},"2":{"start":{"line":8,"column":22},"end":{"line":8,"column":49}},"3":{"start":{"line":10,"column":23},"end":{"line":10,"column":62}},"4":{"start":{"line":12,"column":25},"end":{"line":12,"column":55}},"5":{"start":{"line":14,"column":26},"end":{"line":14,"column":68}},"6":{"start":{"line":16,"column":21},"end":{"line":16,"column":47}},"7":{"start":{"line":18,"column":22},"end":{"line":18,"column":60}},"8":{"start":{"line":20,"column":22},"end":{"line":20,"column":49}},"9":{"start":{"line":22,"column":23},"end":{"line":22,"column":62}},"10":{"start":{"line":24,"column":39},"end":{"line":24,"column":93}},"11":{"start":{"line":27,"column":0},"end":{"line":27,"column":50}},"12":{"start":{"line":28,"column":0},"end":{"line":28,"column":56}},"13":{"start":{"line":29,"column":0},"end":{"line":29,"column":48}},"14":{"start":{"line":30,"column":0},"end":{"line":30,"column":50}}},"fnMap":{"0":{"name":"_interopRequireDefault","decl":{"start":{"line":24,"column":9},"end":{"line":24,"column":31}},"loc":{"start":{"line":24,"column":37},"end":{"line":24,"column":95}},"line":24}},"branchMap":{"0":{"loc":{"start":{"line":24,"column":46},"end":{"line":24,"column":92}},"type":"cond-expr","locations":[{"start":{"line":24,"column":70},"end":{"line":24,"column":73}},{"start":{"line":24,"column":76},"end":{"line":24,"column":92}}],"line":24},"1":{"loc":{"start":{"line":24,"column":46},"end":{"line":24,"column":67}},"type":"binary-expr","locations":[{"start":{"line":24,"column":46},"end":{"line":24,"column":49}},{"start":{"line":24,"column":53},"end":{"line":24,"column":67}}],"line":24}},"s":{"0":1,"1":1,"2":1,"3":1,"4":1,"5":1,"6":1,"7":1,"8":1,"9":1,"10":4,"11":1,"12":1,"13":1,"14":1},"f":{"0":4},"b":{"0":[4,0],"1":[4,4]},"inputSourceMap":{"version":3,"sources":["index.js"],"names":["UserController","ArticleController","GifController","FeedController"],"mappings":";;;;;;;AACA;;;;AACA;;;;AACA;;;;AACA;;;;;;AAJA;QAOEA,c,GAAAA,wB;QAAgBC,iB,GAAAA,2B;QAAmBC,a,GAAAA,uB;QAAeC,c,GAAAA,wB","file":"index.js","sourceRoot":"C:/Users/UCHE/Desktop/projects/capStone-DevC/src/controllers","sourcesContent":["/* eslint-disable import/prefer-default-export */\r\nimport UserController from './UserController';\r\nimport ArticleController from './ArticleController';\r\nimport GifController from './GifController';\r\nimport FeedController from './Feedcontroller';\r\n\r\nexport {\r\n  UserController, ArticleController, GifController, FeedController\r\n};\r\n"]},"_coverageSchema":"1a1c01bbd47fc00a2c39e90264f33305004495a9","hash":"09b24364f0fa44c69351d94e99a66c7eb86c7afe","contentHash":"11b6492466c9afc1ecd7d3870630a41412c251f5b760a3703bbbc87ae0d57283"},"C:\\Users\\UCHE\\Desktop\\projects\\capStone-DevC\\src\\controllers\\UserController.js":{"path":"C:\\Users\\UCHE\\Desktop\\projects\\capStone-DevC\\src\\controllers\\UserController.js","statementMap":{"0":{"start":{"line":3,"column":0},"end":{"line":5,"column":3}},"1":{"start":{"line":7,"column":15},"end":{"line":7,"column":256}},"2":{"start":{"line":7,"column":52},"end":{"line":7,"column":239}},"3":{"start":{"line":7,"column":65},"end":{"line":7,"column":66}},"4":{"start":{"line":7,"column":110},"end":{"line":7,"column":122}},"5":{"start":{"line":7,"column":124},"end":{"line":7,"column":237}},"6":{"start":{"line":7,"column":150},"end":{"line":7,"column":235}},"7":{"start":{"line":7,"column":207},"end":{"line":7,"column":233}},"8":{"start":{"line":7,"column":240},"end":{"line":7,"column":254}},"9":{"start":{"line":9,"column":19},"end":{"line":9,"column":563}},"10":{"start":{"line":9,"column":76},"end":{"line":9,"column":347}},"11":{"start":{"line":9,"column":89},"end":{"line":9,"column":90}},"12":{"start":{"line":9,"column":134},"end":{"line":9,"column":142}},"13":{"start":{"line":9,"column":144},"end":{"line":9,"column":199}},"14":{"start":{"line":9,"column":200},"end":{"line":9,"column":231}},"15":{"start":{"line":9,"column":232},"end":{"line":9,"column":286}},"16":{"start":{"line":9,"column":259},"end":{"line":9,"column":286}},"17":{"start":{"line":9,"column":287},"end":{"line":9,"column":345}},"18":{"start":{"line":9,"column":350},"end":{"line":9,"column":559}},"19":{"start":{"line":9,"column":407},"end":{"line":9,"column":475}},"20":{"start":{"line":9,"column":423},"end":{"line":9,"column":475}},"21":{"start":{"line":9,"column":476},"end":{"line":9,"column":536}},"22":{"start":{"line":9,"column":493},"end":{"line":9,"column":536}},"23":{"start":{"line":9,"column":537},"end":{"line":9,"column":556}},"24":{"start":{"line":11,"column":16},"end":{"line":11,"column":38}},"25":{"start":{"line":13,"column":14},"end":{"line":13,"column":49}},"26":{"start":{"line":15,"column":14},"end":{"line":15,"column":43}},"27":{"start":{"line":17,"column":60},"end":{"line":17,"column":62}},"28":{"start":{"line":17,"column":64},"end":{"line":17,"column":203}},"29":{"start":{"line":17,"column":85},"end":{"line":17,"column":120}},"30":{"start":{"line":17,"column":111},"end":{"line":17,"column":120}},"31":{"start":{"line":17,"column":121},"end":{"line":17,"column":181}},"32":{"start":{"line":17,"column":172},"end":{"line":17,"column":181}},"33":{"start":{"line":17,"column":182},"end":{"line":17,"column":201}},"34":{"start":{"line":17,"column":204},"end":{"line":17,"column":218}},"35":{"start":{"line":19,"column":33},"end":{"line":19,"column":456}},"36":{"start":{"line":19,"column":64},"end":{"line":19,"column":89}},"37":{"start":{"line":19,"column":91},"end":{"line":19,"column":453}},"38":{"start":{"line":19,"column":165},"end":{"line":19,"column":263}},"39":{"start":{"line":19,"column":182},"end":{"line":19,"column":195}},"40":{"start":{"line":19,"column":209},"end":{"line":19,"column":219}},"41":{"start":{"line":19,"column":239},"end":{"line":19,"column":253}},"42":{"start":{"line":19,"column":254},"end":{"line":19,"column":261}},"43":{"start":{"line":19,"column":264},"end":{"line":19,"column":426}},"44":{"start":{"line":19,"column":281},"end":{"line":19,"column":296}},"45":{"start":{"line":19,"column":306},"end":{"line":19,"column":424}},"46":{"start":{"line":19,"column":360},"end":{"line":19,"column":380}},"47":{"start":{"line":19,"column":401},"end":{"line":19,"column":420}},"48":{"start":{"line":19,"column":429},"end":{"line":19,"column":449}},"49":{"start":{"line":21,"column":50},"end":{"line":21,"column":151}},"50":{"start":{"line":21,"column":92},"end":{"line":21,"column":149}},"51":{"start":{"line":28,"column":21},"end":{"line":271,"column":3}},"52":{"start":{"line":30,"column":4},"end":{"line":30,"column":42}},"53":{"start":{"line":33,"column":2},"end":{"line":268,"column":6}},"54":{"start":{"line":44,"column":17},"end":{"line":85,"column":9}},"55":{"start":{"line":47,"column":8},"end":{"line":84,"column":37}},"56":{"start":{"line":48,"column":10},"end":{"line":83,"column":11}},"57":{"start":{"line":49,"column":12},"end":{"line":82,"column":13}},"58":{"start":{"line":51,"column":16},"end":{"line":51,"column":34}},"59":{"start":{"line":52,"column":16},"end":{"line":52,"column":34}},"60":{"start":{"line":53,"column":16},"end":{"line":53,"column":54}},"61":{"start":{"line":56,"column":16},"end":{"line":56,"column":38}},"62":{"start":{"line":57,"column":16},"end":{"line":57,"column":36}},"63":{"start":{"line":58,"column":16},"end":{"line":58,"column":37}},"64":{"start":{"line":60,"column":16},"end":{"line":63,"column":17}},"65":{"start":{"line":61,"column":18},"end":{"line":61,"column":36}},"66":{"start":{"line":62,"column":18},"end":{"line":62,"column":24}},"67":{"start":{"line":65,"column":16},"end":{"line":65,"column":105}},"68":{"start":{"line":68,"column":16},"end":{"line":71,"column":19}},"69":{"start":{"line":69,"column":18},"end":{"line":69,"column":39}},"70":{"start":{"line":70,"column":18},"end":{"line":70,"column":30}},"71":{"start":{"line":72,"column":16},"end":{"line":72,"column":113}},"72":{"start":{"line":75,"column":16},"end":{"line":75,"column":35}},"73":{"start":{"line":76,"column":16},"end":{"line":76,"column":51}},"74":{"start":{"line":77,"column":16},"end":{"line":77,"column":105}},"75":{"start":{"line":81,"column":16},"end":{"line":81,"column":39}},"76":{"start":{"line":88,"column":8},"end":{"line":88,"column":43}},"77":{"start":{"line":91,"column":6},"end":{"line":91,"column":22}},"78":{"start":{"line":105,"column":18},"end":{"line":186,"column":9}},"79":{"start":{"line":108,"column":8},"end":{"line":185,"column":38}},"80":{"start":{"line":109,"column":10},"end":{"line":184,"column":11}},"81":{"start":{"line":110,"column":12},"end":{"line":183,"column":13}},"82":{"start":{"line":112,"column":16},"end":{"line":112,"column":368}},"83":{"start":{"line":116,"column":16},"end":{"line":116,"column":35}},"84":{"start":{"line":117,"column":16},"end":{"line":117,"column":35}},"85":{"start":{"line":118,"column":16},"end":{"line":118,"column":71}},"86":{"start":{"line":121,"column":16},"end":{"line":121,"column":39}},"87":{"start":{"line":122,"column":16},"end":{"line":122,"column":38}},"88":{"start":{"line":124,"column":16},"end":{"line":127,"column":17}},"89":{"start":{"line":125,"column":18},"end":{"line":125,"column":37}},"90":{"start":{"line":126,"column":18},"end":{"line":126,"column":24}},"91":{"start":{"line":129,"column":16},"end":{"line":129,"column":113}},"92":{"start":{"line":132,"column":16},"end":{"line":132,"column":36}},"93":{"start":{"line":133,"column":16},"end":{"line":145,"column":19}},"94":{"start":{"line":148,"column":16},"end":{"line":148,"column":39}},"95":{"start":{"line":149,"column":16},"end":{"line":149,"column":42}},"96":{"start":{"line":150,"column":16},"end":{"line":150,"column":39}},"97":{"start":{"line":152,"column":16},"end":{"line":155,"column":17}},"98":{"start":{"line":153,"column":18},"end":{"line":153,"column":38}},"99":{"start":{"line":154,"column":18},"end":{"line":154,"column":24}},"100":{"start":{"line":157,"column":16},"end":{"line":157,"column":45}},"101":{"start":{"line":160,"column":16},"end":{"line":160,"column":99}},"102":{"start":{"line":161,"column":16},"end":{"line":161,"column":36}},"103":{"start":{"line":162,"column":16},"end":{"line":162,"column":115}},"104":{"start":{"line":165,"column":16},"end":{"line":165,"column":39}},"105":{"start":{"line":166,"column":16},"end":{"line":169,"column":19}},"106":{"start":{"line":171,"column":16},"end":{"line":171,"column":103}},"107":{"start":{"line":172,"column":16},"end":{"line":172,"column":36}},"108":{"start":{"line":173,"column":16},"end":{"line":173,"column":22}},"109":{"start":{"line":176,"column":16},"end":{"line":176,"column":36}},"110":{"start":{"line":177,"column":16},"end":{"line":177,"column":53}},"111":{"start":{"line":178,"column":16},"end":{"line":178,"column":106}},"112":{"start":{"line":182,"column":16},"end":{"line":182,"column":40}},"113":{"start":{"line":189,"column":8},"end":{"line":189,"column":44}},"114":{"start":{"line":192,"column":6},"end":{"line":192,"column":26}},"115":{"start":{"line":206,"column":18},"end":{"line":260,"column":9}},"116":{"start":{"line":209,"column":8},"end":{"line":259,"column":38}},"117":{"start":{"line":210,"column":10},"end":{"line":258,"column":11}},"118":{"start":{"line":211,"column":12},"end":{"line":257,"column":13}},"119":{"start":{"line":213,"column":16},"end":{"line":213,"column":96}},"120":{"start":{"line":214,"column":16},"end":{"line":214,"column":35}},"121":{"start":{"line":215,"column":16},"end":{"line":215,"column":35}},"122":{"start":{"line":216,"column":16},"end":{"line":216,"column":71}},"123":{"start":{"line":219,"column":16},"end":{"line":219,"column":39}},"124":{"start":{"line":220,"column":16},"end":{"line":220,"column":36}},"125":{"start":{"line":222,"column":16},"end":{"line":225,"column":17}},"126":{"start":{"line":223,"column":18},"end":{"line":223,"column":38}},"127":{"start":{"line":224,"column":18},"end":{"line":224,"column":24}},"128":{"start":{"line":227,"column":16},"end":{"line":227,"column":113}},"129":{"start":{"line":228,"column":16},"end":{"line":228,"column":87}},"130":{"start":{"line":230,"column":16},"end":{"line":233,"column":17}},"131":{"start":{"line":231,"column":18},"end":{"line":231,"column":38}},"132":{"start":{"line":232,"column":18},"end":{"line":232,"column":24}},"133":{"start":{"line":235,"column":16},"end":{"line":235,"column":114}},"134":{"start":{"line":238,"column":16},"end":{"line":238,"column":36}},"135":{"start":{"line":239,"column":16},"end":{"line":239,"column":110}},"136":{"start":{"line":242,"column":16},"end":{"line":242,"column":39}},"137":{"start":{"line":243,"column":16},"end":{"line":243,"column":52}},"138":{"start":{"line":244,"column":16},"end":{"line":244,"column":109}},"139":{"start":{"line":247,"column":16},"end":{"line":247,"column":114}},"140":{"start":{"line":250,"column":16},"end":{"line":250,"column":36}},"141":{"start":{"line":251,"column":16},"end":{"line":251,"column":53}},"142":{"start":{"line":252,"column":16},"end":{"line":252,"column":106}},"143":{"start":{"line":256,"column":16},"end":{"line":256,"column":40}},"144":{"start":{"line":263,"column":8},"end":{"line":263,"column":44}},"145":{"start":{"line":266,"column":6},"end":{"line":266,"column":23}},"146":{"start":{"line":270,"column":2},"end":{"line":270,"column":24}},"147":{"start":{"line":273,"column":0},"end":{"line":273,"column":33}}},"fnMap":{"0":{"name":"(anonymous_0)","decl":{"start":{"line":7,"column":32},"end":{"line":7,"column":33}},"loc":{"start":{"line":7,"column":50},"end":{"line":7,"column":256}},"line":7},"1":{"name":"(anonymous_1)","decl":{"start":{"line":9,"column":19},"end":{"line":9,"column":20}},"loc":{"start":{"line":9,"column":31},"end":{"line":9,"column":561}},"line":9},"2":{"name":"defineProperties","decl":{"start":{"line":9,"column":42},"end":{"line":9,"column":58}},"loc":{"start":{"line":9,"column":74},"end":{"line":9,"column":349}},"line":9},"3":{"name":"(anonymous_3)","decl":{"start":{"line":9,"column":357},"end":{"line":9,"column":358}},"loc":{"start":{"line":9,"column":405},"end":{"line":9,"column":558}},"line":9},"4":{"name":"_objectWithoutProperties","decl":{"start":{"line":17,"column":9},"end":{"line":17,"column":33}},"loc":{"start":{"line":17,"column":45},"end":{"line":17,"column":220}},"line":17},"5":{"name":"_asyncToGenerator","decl":{"start":{"line":19,"column":9},"end":{"line":19,"column":26}},"loc":{"start":{"line":19,"column":31},"end":{"line":19,"column":458}},"line":19},"6":{"name":"(anonymous_6)","decl":{"start":{"line":19,"column":40},"end":{"line":19,"column":41}},"loc":{"start":{"line":19,"column":52},"end":{"line":19,"column":455}},"line":19},"7":{"name":"(anonymous_7)","decl":{"start":{"line":19,"column":110},"end":{"line":19,"column":111}},"loc":{"start":{"line":19,"column":137},"end":{"line":19,"column":451}},"line":19},"8":{"name":"step","decl":{"start":{"line":19,"column":148},"end":{"line":19,"column":152}},"loc":{"start":{"line":19,"column":163},"end":{"line":19,"column":428}},"line":19},"9":{"name":"(anonymous_9)","decl":{"start":{"line":19,"column":341},"end":{"line":19,"column":342}},"loc":{"start":{"line":19,"column":358},"end":{"line":19,"column":382}},"line":19},"10":{"name":"(anonymous_10)","decl":{"start":{"line":19,"column":384},"end":{"line":19,"column":385}},"loc":{"start":{"line":19,"column":399},"end":{"line":19,"column":422}},"line":19},"11":{"name":"_classCallCheck","decl":{"start":{"line":21,"column":9},"end":{"line":21,"column":24}},"loc":{"start":{"line":21,"column":48},"end":{"line":21,"column":153}},"line":21},"12":{"name":"(anonymous_12)","decl":{"start":{"line":28,"column":21},"end":{"line":28,"column":22}},"loc":{"start":{"line":28,"column":33},"end":{"line":271,"column":1}},"line":28},"13":{"name":"UserController","decl":{"start":{"line":29,"column":11},"end":{"line":29,"column":25}},"loc":{"start":{"line":29,"column":28},"end":{"line":31,"column":3}},"line":29},"14":{"name":"(anonymous_14)","decl":{"start":{"line":43,"column":11},"end":{"line":43,"column":12}},"loc":{"start":{"line":43,"column":23},"end":{"line":92,"column":5}},"line":43},"15":{"name":"_callee","decl":{"start":{"line":44,"column":82},"end":{"line":44,"column":89}},"loc":{"start":{"line":44,"column":100},"end":{"line":85,"column":7}},"line":44},"16":{"name":"_callee$","decl":{"start":{"line":47,"column":48},"end":{"line":47,"column":56}},"loc":{"start":{"line":47,"column":67},"end":{"line":84,"column":9}},"line":47},"17":{"name":"(anonymous_17)","decl":{"start":{"line":68,"column":44},"end":{"line":68,"column":45}},"loc":{"start":{"line":68,"column":60},"end":{"line":71,"column":17}},"line":68},"18":{"name":"getUsers","decl":{"start":{"line":87,"column":15},"end":{"line":87,"column":23}},"loc":{"start":{"line":87,"column":33},"end":{"line":89,"column":7}},"line":87},"19":{"name":"(anonymous_19)","decl":{"start":{"line":104,"column":11},"end":{"line":104,"column":12}},"loc":{"start":{"line":104,"column":23},"end":{"line":193,"column":5}},"line":104},"20":{"name":"_callee2","decl":{"start":{"line":105,"column":83},"end":{"line":105,"column":91}},"loc":{"start":{"line":105,"column":102},"end":{"line":186,"column":7}},"line":105},"21":{"name":"_callee2$","decl":{"start":{"line":108,"column":48},"end":{"line":108,"column":57}},"loc":{"start":{"line":108,"column":69},"end":{"line":185,"column":9}},"line":108},"22":{"name":"registerUser","decl":{"start":{"line":188,"column":15},"end":{"line":188,"column":27}},"loc":{"start":{"line":188,"column":38},"end":{"line":190,"column":7}},"line":188},"23":{"name":"(anonymous_23)","decl":{"start":{"line":205,"column":11},"end":{"line":205,"column":12}},"loc":{"start":{"line":205,"column":23},"end":{"line":267,"column":5}},"line":205},"24":{"name":"_callee3","decl":{"start":{"line":206,"column":83},"end":{"line":206,"column":91}},"loc":{"start":{"line":206,"column":102},"end":{"line":260,"column":7}},"line":206},"25":{"name":"_callee3$","decl":{"start":{"line":209,"column":48},"end":{"line":209,"column":57}},"loc":{"start":{"line":209,"column":69},"end":{"line":259,"column":9}},"line":209},"26":{"name":"loginUser","decl":{"start":{"line":262,"column":15},"end":{"line":262,"column":24}},"loc":{"start":{"line":262,"column":35},"end":{"line":264,"column":7}},"line":262}},"branchMap":{"0":{"loc":{"start":{"line":7,"column":15},"end":{"line":7,"column":256}},"type":"binary-expr","locations":[{"start":{"line":7,"column":15},"end":{"line":7,"column":28}},{"start":{"line":7,"column":32},"end":{"line":7,"column":256}}],"line":7},"1":{"loc":{"start":{"line":7,"column":150},"end":{"line":7,"column":235}},"type":"if","locations":[{"start":{"line":7,"column":150},"end":{"line":7,"column":235}},{"start":{"line":7,"column":150},"end":{"line":7,"column":235}}],"line":7},"2":{"loc":{"start":{"line":9,"column":168},"end":{"line":9,"column":198}},"type":"binary-expr","locations":[{"start":{"line":9,"column":168},"end":{"line":9,"column":189}},{"start":{"line":9,"column":193},"end":{"line":9,"column":198}}],"line":9},"3":{"loc":{"start":{"line":9,"column":232},"end":{"line":9,"column":286}},"type":"if","locations":[{"start":{"line":9,"column":232},"end":{"line":9,"column":286}},{"start":{"line":9,"column":232},"end":{"line":9,"column":286}}],"line":9},"4":{"loc":{"start":{"line":9,"column":407},"end":{"line":9,"column":475}},"type":"if","locations":[{"start":{"line":9,"column":407},"end":{"line":9,"column":475}},{"start":{"line":9,"column":407},"end":{"line":9,"column":475}}],"line":9},"5":{"loc":{"start":{"line":9,"column":476},"end":{"line":9,"column":536}},"type":"if","locations":[{"start":{"line":9,"column":476},"end":{"line":9,"column":536}},{"start":{"line":9,"column":476},"end":{"line":9,"column":536}}],"line":9},"6":{"loc":{"start":{"line":17,"column":85},"end":{"line":17,"column":120}},"type":"if","locations":[{"start":{"line":17,"column":85},"end":{"line":17,"column":120}},{"start":{"line":17,"column":85},"end":{"line":17,"column":120}}],"line":17},"7":{"loc":{"start":{"line":17,"column":121},"end":{"line":17,"column":181}},"type":"if","locations":[{"start":{"line":17,"column":121},"end":{"line":17,"column":181}},{"start":{"line":17,"column":121},"end":{"line":17,"column":181}}],"line":17},"8":{"loc":{"start":{"line":19,"column":264},"end":{"line":19,"column":426}},"type":"if","locations":[{"start":{"line":19,"column":264},"end":{"line":19,"column":426}},{"start":{"line":19,"column":264},"end":{"line":19,"column":426}}],"line":19},"9":{"loc":{"start":{"line":21,"column":50},"end":{"line":21,"column":151}},"type":"if","locations":[{"start":{"line":21,"column":50},"end":{"line":21,"column":151}},{"start":{"line":21,"column":50},"end":{"line":21,"column":151}}],"line":21},"10":{"loc":{"start":{"line":49,"column":12},"end":{"line":82,"column":13}},"type":"switch","locations":[{"start":{"line":50,"column":14},"end":{"line":53,"column":54}},{"start":{"line":55,"column":14},"end":{"line":65,"column":105}},{"start":{"line":67,"column":14},"end":{"line":72,"column":113}},{"start":{"line":74,"column":14},"end":{"line":77,"column":105}},{"start":{"line":79,"column":14},"end":{"line":79,"column":22}},{"start":{"line":80,"column":14},"end":{"line":81,"column":39}}],"line":49},"11":{"loc":{"start":{"line":60,"column":16},"end":{"line":63,"column":17}},"type":"if","locations":[{"start":{"line":60,"column":16},"end":{"line":63,"column":17}},{"start":{"line":60,"column":16},"end":{"line":63,"column":17}}],"line":60},"12":{"loc":{"start":{"line":110,"column":12},"end":{"line":183,"column":13}},"type":"switch","locations":[{"start":{"line":111,"column":14},"end":{"line":118,"column":71}},{"start":{"line":120,"column":14},"end":{"line":129,"column":113}},{"start":{"line":131,"column":14},"end":{"line":145,"column":19}},{"start":{"line":147,"column":14},"end":{"line":157,"column":45}},{"start":{"line":159,"column":14},"end":{"line":162,"column":115}},{"start":{"line":164,"column":14},"end":{"line":173,"column":22}},{"start":{"line":175,"column":14},"end":{"line":178,"column":106}},{"start":{"line":180,"column":14},"end":{"line":180,"column":22}},{"start":{"line":181,"column":14},"end":{"line":182,"column":40}}],"line":110},"13":{"loc":{"start":{"line":124,"column":16},"end":{"line":127,"column":17}},"type":"if","locations":[{"start":{"line":124,"column":16},"end":{"line":127,"column":17}},{"start":{"line":124,"column":16},"end":{"line":127,"column":17}}],"line":124},"14":{"loc":{"start":{"line":136,"column":28},"end":{"line":136,"column":88}},"type":"cond-expr","locations":[{"start":{"line":136,"column":39},"end":{"line":136,"column":76}},{"start":{"line":136,"column":79},"end":{"line":136,"column":88}}],"line":136},"15":{"loc":{"start":{"line":143,"column":28},"end":{"line":143,"column":74}},"type":"cond-expr","locations":[{"start":{"line":143,"column":39},"end":{"line":143,"column":61}},{"start":{"line":143,"column":64},"end":{"line":143,"column":74}}],"line":143},"16":{"loc":{"start":{"line":144,"column":29},"end":{"line":144,"column":48}},"type":"binary-expr","locations":[{"start":{"line":144,"column":29},"end":{"line":144,"column":38}},{"start":{"line":144,"column":42},"end":{"line":144,"column":48}}],"line":144},"17":{"loc":{"start":{"line":152,"column":16},"end":{"line":155,"column":17}},"type":"if","locations":[{"start":{"line":152,"column":16},"end":{"line":155,"column":17}},{"start":{"line":152,"column":16},"end":{"line":155,"column":17}}],"line":152},"18":{"loc":{"start":{"line":211,"column":12},"end":{"line":257,"column":13}},"type":"switch","locations":[{"start":{"line":212,"column":14},"end":{"line":216,"column":71}},{"start":{"line":218,"column":14},"end":{"line":235,"column":114}},{"start":{"line":237,"column":14},"end":{"line":239,"column":110}},{"start":{"line":241,"column":14},"end":{"line":244,"column":109}},{"start":{"line":246,"column":14},"end":{"line":247,"column":114}},{"start":{"line":249,"column":14},"end":{"line":252,"column":106}},{"start":{"line":254,"column":14},"end":{"line":254,"column":22}},{"start":{"line":255,"column":14},"end":{"line":256,"column":40}}],"line":211},"19":{"loc":{"start":{"line":222,"column":16},"end":{"line":225,"column":17}},"type":"if","locations":[{"start":{"line":222,"column":16},"end":{"line":225,"column":17}},{"start":{"line":222,"column":16},"end":{"line":225,"column":17}}],"line":222},"20":{"loc":{"start":{"line":230,"column":16},"end":{"line":233,"column":17}},"type":"if","locations":[{"start":{"line":230,"column":16},"end":{"line":233,"column":17}},{"start":{"line":230,"column":16},"end":{"line":233,"column":17}}],"line":230}},"s":{"0":1,"1":1,"2":0,"3":0,"4":0,"5":0,"6":0,"7":0,"8":0,"9":1,"10":1,"11":1,"12":3,"13":3,"14":3,"15":3,"16":3,"17":3,"18":1,"19":1,"20":0,"21":1,"22":1,"23":1,"24":1,"25":1,"26":1,"27":1,"28":1,"29":12,"30":1,"31":11,"32":0,"33":11,"34":1,"35":3,"36":8,"37":8,"38":22,"39":22,"40":22,"41":0,"42":0,"43":22,"44":8,"45":14,"46":14,"47":0,"48":8,"49":0,"50":0,"51":1,"52":0,"53":1,"54":1,"55":1,"56":3,"57":4,"58":1,"59":1,"60":1,"61":1,"62":1,"63":1,"64":1,"65":1,"66":1,"67":0,"68":1,"69":3,"70":3,"71":1,"72":0,"73":0,"74":0,"75":1,"76":1,"77":1,"78":1,"79":1,"80":4,"81":7,"82":1,"83":1,"84":1,"85":1,"86":1,"87":1,"88":1,"89":1,"90":1,"91":0,"92":1,"93":1,"94":1,"95":1,"96":1,"97":1,"98":1,"99":1,"100":0,"101":1,"102":1,"103":1,"104":1,"105":1,"106":1,"107":1,"108":1,"109":0,"110":0,"111":0,"112":1,"113":1,"114":1,"115":1,"116":6,"117":22,"118":28,"119":6,"120":6,"121":6,"122":6,"123":6,"124":6,"125":6,"126":2,"127":2,"128":4,"129":4,"130":4,"131":4,"132":4,"133":0,"134":4,"135":4,"136":4,"137":4,"138":4,"139":2,"140":0,"141":0,"142":0,"143":6,"144":6,"145":1,"146":1,"147":1},"f":{"0":0,"1":1,"2":1,"3":1,"4":1,"5":3,"6":8,"7":8,"8":22,"9":14,"10":0,"11":0,"12":1,"13":0,"14":1,"15":1,"16":3,"17":3,"18":1,"19":1,"20":1,"21":4,"22":1,"23":1,"24":6,"25":22,"26":6},"b":{"0":[1,0],"1":[0,0],"2":[3,3],"3":[3,0],"4":[0,1],"5":[1,0],"6":[1,11],"7":[0,11],"8":[8,14],"9":[0,0],"10":[1,1,1,0,0,1],"11":[1,0],"12":[1,1,1,1,1,1,0,1,1],"13":[1,0],"14":[1,0],"15":[0,1],"16":[1,1],"17":[1,0],"18":[6,6,4,4,2,0,0,6],"19":[2,4],"20":[4,0]},"inputSourceMap":{"version":3,"sources":["UserController.js"],"names":["UserController","req","res","error","users","result","deletePasswords","map","user","password","body","firstName","lastName","email","gender","secret","jobRole","department","address","userRole","avaterUrl","undefined","toLowerCase","createError","newUser","Error","ignored","rest","userId","id","token","response","userPassword","confirmPassword","data"],"mappings":";;;;;;;;;;AAAA;;AAGA;;AACA;;;;;;;;AAEA;;;;;IAKqBA,c;;;;;;;;AACrB;;;;;;;;0FAOwBC,G,EAAKC,G;;;;;;;;;uBAEgB,sBAAS,OAAT,C;;;;AAA/BC,qB,SAAAA,K;AAAeC,qB,SAARC,M;;qBACXF,K;;;;;iDACK,6BAAcD,GAAd,EAAmB,GAAnB,EAAwB,cAAxB,C;;;AAEHI,+B,GAAkBF,MAAMG,GAAN,CAAU,UAACC,IAAD,EAAU;AAC1C,yBAAOA,KAAKC,QAAZ;AACA,yBAAOD,IAAP;AACD,iBAHuB,C;iDAIjB,oCAAqBN,GAArB,EAA0B,GAA1B,EAA+BI,eAA/B,C;;;;;iDAEA,6BAAcJ,GAAd,EAAmB,GAAnB,EAAwB,cAAxB,C;;;;;;;;;;;;;;;;;AAIX;;;;;;;;;;;4FAO0BD,G,EAAKC,G;;;;;;;4BAazBD,IAAIS,I,EAXNC,S,aAAAA,S,EACAC,Q,aAAAA,Q,EACAC,K,aAAAA,K,EACAJ,Q,aAAAA,Q,EACAK,M,aAAAA,M,EACAC,M,aAAAA,M,EACAC,O,aAAAA,O,EACAC,U,aAAAA,U,EACAC,O,aAAAA,O,EACAC,Q,aAAAA,Q,EACAC,S,aAAAA,S;;AAGF;;;;uBAE2B,qBAAQ,OAAR,EAAiB,EAAEP,YAAF,EAAjB,C;;;;AAAjBR,sB,SAAAA,M;;qBACJA,M;;;;;kDACK,6BAAcH,GAAd,EAAmB,GAAnB,EAAwB,qBAAxB,C;;;;uBAE6C,wBAAW,OAAX,EAAoB;AACxES,sCADwE;AAExEC,oCAFwE;AAGxEH,4BAAUA,WAAW,4BAAaA,QAAb,CAAX,GAAoCY,SAH0B;AAIxER,8BAJwE;AAKxEC,gCALwE;AAMxEE,kCANwE;AAOxED,gCAPwE;AAQxEE,wCARwE;AASxEC,kCATwE;AAUxEC,4BAAUA,WAAWA,SAASG,WAAT,EAAX,GAAoC,UAV0B;AAWxEF,6BAAWA,aAAa;AAXgD,iBAApB,C;;;;AAAvCG,2B,SAAPpB,K;AAA4BqB,uB,SAARnB,M;;qBAaxBkB,W;;;;;sBACI,IAAIE,KAAJ,CAAUF,WAAV,C;;;AAGUG,uB,GAAqBF,O,CAA/Bf,Q,EAAsBkB,I,4BAASH,O;;uBAEnB,6BAAc,EAAEI,QAAQD,KAAKE,EAAf,EAAmBlB,oBAAnB,EAA8BC,kBAA9B,EAAd,C;;;AAAdkB,qB;AACAC,wB,gBACDJ,I;AACHC,0BAAQD,KAAKE,E;AACbC;;;AAEF,+CAAgB5B,GAAhB,EAAqB,GAArB,EAA0B,kCAA1B,EAA8D6B,QAA9D;;;;;;;kDAEO,6BAAc7B,GAAd,EAAmB,GAAnB,EAAwB,cAAxB,C;;;;;;;;;;;;;;;;;AAIX;;;;;;;;;;;4FAOuBD,G,EAAKC,G;;;;;;;6BACED,IAAIS,I,EAAxBG,K,cAAAA,K,EAAOJ,Q,cAAAA,Q;;;uBAEkB,qBAAQ,OAAR,EAAiB,EAAEI,YAAF,EAAjB,C;;;;AAAfL,oB,SAARH,M;;qBACJG,I;;;;;AAEAqB,kB,GACErB,I,CADFqB,E,EAAIlB,S,GACFH,I,CADEG,S,EAAWC,Q,GACbJ,I,CADaI,Q,EAAoBoB,Y,GACjCxB,I,CADuBC,Q;AAErBwB,+B,GAAkB,6BAAgBD,YAAhB,EAA8BvB,QAA9B,C;;oBACnBwB,e;;;;;kDACI,6BAAc/B,GAAd,EAAmB,GAAnB,EAAwB,sBAAxB,C;;;;uBAEW,6BAAc,EAAE0B,QAAQC,EAAV,EAAclB,oBAAd,EAAyBC,kBAAzB,EAAd,C;;;AAAdkB,qB;AACAI,oB,GAAO,EAAEN,QAAQC,EAAV,EAAcC,YAAd,E;kDACN,+BAAgB5B,GAAhB,EAAqB,GAArB,EAA0B,SAA1B,EAAqCgC,IAArC,C;;;kDAEF,6BAAchC,GAAd,EAAmB,GAAnB,EAAwB,sBAAxB,C;;;;;kDAEA,6BAAcA,GAAd,EAAmB,GAAnB,EAAwB,cAAxB,C;;;;;;;;;;;;;;;;;;;;;kBA5GQF,c","file":"UserController.js","sourceRoot":"C:/Users/UCHE/Desktop/projects/capStone-DevC/src/controllers","sourcesContent":["import {\r\n  errorResponse, successResponse, hashPassword, generateToken, successResponseArray\r\n} from '../utiities';\r\nimport { createItem, getItem, getItems } from '../database/query/helper';\r\nimport { comparePassword } from '../utiities/bcrypt';\r\n\r\n/**\r\n * @class UserController\r\n * @description Controller to manage user actions\r\n * @exports UserController\r\n */\r\nexport default class UserController {\r\n/**\r\n * @method getUsers\r\n * @description - method for admin to get all users\r\n * @param {object} req - request object\r\n * @param {object} res - response object\r\n * @return {object} request response body\r\n */\r\n  static async getUsers(req, res) {\r\n    try {\r\n      const { error, result: users } = await getItems('users');\r\n      if (error) {\r\n        return errorResponse(res, 500, 'Server error');\r\n      }\r\n      const deletePasswords = users.map((user) => {\r\n        delete user.password;\r\n        return user;\r\n      });\r\n      return successResponseArray(res, 200, deletePasswords);\r\n    } catch (error) {\r\n      return errorResponse(res, 500, 'Server error');\r\n    }\r\n  }\r\n\r\n  /**\r\n   * @method registerUser\r\n   * @description - method for admin/root to register a new user\r\n   * @param {object} req - request object\r\n   * @param {object} res - response object\r\n   * @return {object} request response body\r\n   */\r\n  static async registerUser(req, res) {\r\n    const {\r\n      firstName,\r\n      lastName,\r\n      email,\r\n      password,\r\n      gender,\r\n      secret,\r\n      jobRole,\r\n      department,\r\n      address,\r\n      userRole,\r\n      avaterUrl,\r\n    } = req.body;\r\n\r\n    // verify if user exists\r\n    try {\r\n      const { result } = await getItem('users', { email });\r\n      if (result) {\r\n        return errorResponse(res, 409, 'user already exists');\r\n      }\r\n      const { error: createError, result: newUser } = await createItem('users', {\r\n        firstName,\r\n        lastName,\r\n        password: password ? hashPassword(password) : undefined,\r\n        email,\r\n        gender,\r\n        jobRole,\r\n        secret,\r\n        department,\r\n        address,\r\n        userRole: userRole ? userRole.toLowerCase() : 'employee',\r\n        avaterUrl: avaterUrl || 'none',\r\n      });\r\n      if (createError) {\r\n        throw new Error(createError);\r\n      }\r\n\r\n      const { password: ignored, ...rest } = newUser;\r\n     \r\n      const token = await generateToken({ userId: rest.id, firstName, lastName });\r\n      const response = {\r\n        ...rest,\r\n        userId: rest.id,\r\n        token\r\n      };\r\n      successResponse(res, 201, 'User account created succesfully', response);\r\n    } catch (error) {\r\n      return errorResponse(res, 500, 'Server error');\r\n    }\r\n  }\r\n\r\n  /**\r\n   * @method loginUser\r\n   * @description - method for users to login\r\n   * @param {object} req - request object\r\n   * @param {object} res - response object\r\n   * @return {object} request response body\r\n   */\r\n  static async loginUser(req, res) {\r\n    const { email, password } = req.body;\r\n    try {\r\n      const { result: user } = await getItem('users', { email });\r\n      if (user) {\r\n        const {\r\n          id, firstName, lastName, password: userPassword\r\n        } = user;\r\n        const confirmPassword = comparePassword(userPassword, password);\r\n        if (!confirmPassword) {\r\n          return errorResponse(res, 401, 'Authorization failed');\r\n        }\r\n        const token = await generateToken({ userId: id, firstName, lastName });\r\n        const data = { userId: id, token };\r\n        return successResponse(res, 200, 'success', data);\r\n      }\r\n      return errorResponse(res, 401, 'Authorization failed');\r\n    } catch (error) {\r\n      return errorResponse(res, 500, 'Server error');\r\n    }\r\n  }\r\n}\r\n"]},"_coverageSchema":"1a1c01bbd47fc00a2c39e90264f33305004495a9","hash":"bb7e0e13ad70b127f49263bccfff113bfa670195","contentHash":"fb8aa39c8c514944cfaef2f61aaca3cafc903ce3eddeaab860254169425330b4"},"C:\\Users\\UCHE\\Desktop\\projects\\capStone-DevC\\src\\utiities\\index.js":{"path":"C:\\Users\\UCHE\\Desktop\\projects\\capStone-DevC\\src\\utiities\\index.js","statementMap":{"0":{"start":{"line":3,"column":0},"end":{"line":5,"column":3}},"1":{"start":{"line":6,"column":0},"end":{"line":6,"column":207}},"2":{"start":{"line":8,"column":11},"end":{"line":8,"column":27}},"3":{"start":{"line":10,"column":12},"end":{"line":10,"column":40}},"4":{"start":{"line":12,"column":14},"end":{"line":12,"column":33}},"5":{"start":{"line":14,"column":13},"end":{"line":14,"column":45}},"6":{"start":{"line":16,"column":18},"end":{"line":16,"column":41}},"7":{"start":{"line":18,"column":19},"end":{"line":18,"column":54}},"8":{"start":{"line":20,"column":17},"end":{"line":20,"column":39}},"9":{"start":{"line":22,"column":40},"end":{"line":22,"column":267}},"10":{"start":{"line":22,"column":69},"end":{"line":22,"column":80}},"11":{"start":{"line":22,"column":103},"end":{"line":22,"column":105}},"12":{"start":{"line":22,"column":107},"end":{"line":22,"column":228}},"13":{"start":{"line":22,"column":126},"end":{"line":22,"column":226}},"14":{"start":{"line":22,"column":149},"end":{"line":22,"column":224}},"15":{"start":{"line":22,"column":201},"end":{"line":22,"column":224}},"16":{"start":{"line":22,"column":229},"end":{"line":22,"column":250}},"17":{"start":{"line":22,"column":251},"end":{"line":22,"column":265}},"18":{"start":{"line":24,"column":39},"end":{"line":24,"column":93}},"19":{"start":{"line":26,"column":20},"end":{"line":26,"column":47}},"20":{"start":{"line":27,"column":18},"end":{"line":27,"column":43}},"21":{"start":{"line":28,"column":19},"end":{"line":28,"column":38}},"22":{"start":{"line":29,"column":22},"end":{"line":29,"column":44}},"23":{"start":{"line":30,"column":0},"end":{"line":30,"column":38}},"24":{"start":{"line":31,"column":0},"end":{"line":31,"column":34}},"25":{"start":{"line":32,"column":0},"end":{"line":32,"column":36}},"26":{"start":{"line":33,"column":0},"end":{"line":33,"column":42}},"27":{"start":{"line":34,"column":0},"end":{"line":34,"column":49}},"28":{"start":{"line":35,"column":0},"end":{"line":35,"column":53}},"29":{"start":{"line":36,"column":0},"end":{"line":36,"column":63}},"30":{"start":{"line":37,"column":0},"end":{"line":37,"column":42}}},"fnMap":{"0":{"name":"_interopRequireWildcard","decl":{"start":{"line":22,"column":9},"end":{"line":22,"column":32}},"loc":{"start":{"line":22,"column":38},"end":{"line":22,"column":269}},"line":22},"1":{"name":"_interopRequireDefault","decl":{"start":{"line":24,"column":9},"end":{"line":24,"column":31}},"loc":{"start":{"line":24,"column":37},"end":{"line":24,"column":95}},"line":24}},"branchMap":{"0":{"loc":{"start":{"line":22,"column":40},"end":{"line":22,"column":267}},"type":"if","locations":[{"start":{"line":22,"column":40},"end":{"line":22,"column":267}},{"start":{"line":22,"column":40},"end":{"line":22,"column":267}}],"line":22},"1":{"loc":{"start":{"line":22,"column":44},"end":{"line":22,"column":65}},"type":"binary-expr","locations":[{"start":{"line":22,"column":44},"end":{"line":22,"column":47}},{"start":{"line":22,"column":51},"end":{"line":22,"column":65}}],"line":22},"2":{"loc":{"start":{"line":22,"column":107},"end":{"line":22,"column":228}},"type":"if","locations":[{"start":{"line":22,"column":107},"end":{"line":22,"column":228}},{"start":{"line":22,"column":107},"end":{"line":22,"column":228}}],"line":22},"3":{"loc":{"start":{"line":22,"column":149},"end":{"line":22,"column":224}},"type":"if","locations":[{"start":{"line":22,"column":149},"end":{"line":22,"column":224}},{"start":{"line":22,"column":149},"end":{"line":22,"column":224}}],"line":22},"4":{"loc":{"start":{"line":24,"column":46},"end":{"line":24,"column":92}},"type":"cond-expr","locations":[{"start":{"line":24,"column":70},"end":{"line":24,"column":73}},{"start":{"line":24,"column":76},"end":{"line":24,"column":92}}],"line":24},"5":{"loc":{"start":{"line":24,"column":46},"end":{"line":24,"column":67}},"type":"binary-expr","locations":[{"start":{"line":24,"column":46},"end":{"line":24,"column":49}},{"start":{"line":24,"column":53},"end":{"line":24,"column":67}}],"line":24}},"s":{"0":1,"1":1,"2":1,"3":1,"4":1,"5":1,"6":1,"7":1,"8":1,"9":1,"10":1,"11":0,"12":0,"13":0,"14":0,"15":0,"16":0,"17":0,"18":2,"19":1,"20":1,"21":1,"22":1,"23":1,"24":1,"25":1,"26":1,"27":1,"28":1,"29":1,"30":1},"f":{"0":1,"1":2},"b":{"0":[1,0],"1":[1,1],"2":[0,0],"3":[0,0],"4":[2,0],"5":[2,2]},"inputSourceMap":{"version":3,"sources":["index.js"],"names":["bcrypt","generateToken","jwt","verifyToken","hashPassword","comparePassword","errorResponse","successResponse","successResponseArray","renameFile"],"mappings":";;;;;;;AAAA;;;;AACA;;IAAYA,M;;AACZ;;;;AACA;;;;;;IAIQC,a,GAA+BC,a,CAA/BD,a;IAAeE,W,GAAgBD,a,CAAhBC,W;IACfC,Y,GAAkCJ,M,CAAlCI,Y;IAAcC,e,GAAoBL,M,CAApBK,e;QAGpBJ,a,GAAAA,a;QAAeE,W,GAAAA,W;QAAaC,Y,GAAAA,Y;QAAcC,e,GAAAA,e;QAC1CC,a,GAAAA,wB;QAAeC,e,GAAAA,0B;QAAiBC,oB,GAAAA,+B;QAAsBC,U,GAAAA,oB","file":"index.js","sourceRoot":"C:/Users/UCHE/Desktop/projects/capStone-DevC/src/utiities","sourcesContent":["import jwt from './jwt';\r\nimport * as bcrypt from './bcrypt';\r\nimport renameFile from './renameFile';\r\nimport {\r\n  errorResponse, successResponse, successResponseArray\r\n} from './responses';\r\n\r\nconst { generateToken, verifyToken } = jwt;\r\nconst { hashPassword, comparePassword } = bcrypt;\r\n\r\nexport {\r\n  generateToken, verifyToken, hashPassword, comparePassword,\r\n  errorResponse, successResponse, successResponseArray, renameFile\r\n};\r\n"]},"_coverageSchema":"1a1c01bbd47fc00a2c39e90264f33305004495a9","hash":"3198b3c4563fb5215de460ed958de54e819f17bd","contentHash":"2052522856a03c39d402786fcc33b918c3dd3413f7d2f85c7962fd6d34fa0b62"},"C:\\Users\\UCHE\\Desktop\\projects\\capStone-DevC\\src\\utiities\\jwt.js":{"path":"C:\\Users\\UCHE\\Desktop\\projects\\capStone-DevC\\src\\utiities\\jwt.js","statementMap":{"0":{"start":{"line":3,"column":0},"end":{"line":5,"column":3}},"1":{"start":{"line":7,"column":19},"end":{"line":7,"column":563}},"2":{"start":{"line":7,"column":76},"end":{"line":7,"column":347}},"3":{"start":{"line":7,"column":89},"end":{"line":7,"column":90}},"4":{"start":{"line":7,"column":134},"end":{"line":7,"column":142}},"5":{"start":{"line":7,"column":144},"end":{"line":7,"column":199}},"6":{"start":{"line":7,"column":200},"end":{"line":7,"column":231}},"7":{"start":{"line":7,"column":232},"end":{"line":7,"column":286}},"8":{"start":{"line":7,"column":259},"end":{"line":7,"column":286}},"9":{"start":{"line":7,"column":287},"end":{"line":7,"column":345}},"10":{"start":{"line":7,"column":350},"end":{"line":7,"column":559}},"11":{"start":{"line":7,"column":407},"end":{"line":7,"column":475}},"12":{"start":{"line":7,"column":423},"end":{"line":7,"column":475}},"13":{"start":{"line":7,"column":476},"end":{"line":7,"column":536}},"14":{"start":{"line":7,"column":493},"end":{"line":7,"column":536}},"15":{"start":{"line":7,"column":537},"end":{"line":7,"column":556}},"16":{"start":{"line":9,"column":14},"end":{"line":9,"column":31}},"17":{"start":{"line":11,"column":20},"end":{"line":11,"column":43}},"18":{"start":{"line":13,"column":21},"end":{"line":13,"column":58}},"19":{"start":{"line":15,"column":0},"end":{"line":15,"column":25}},"20":{"start":{"line":17,"column":39},"end":{"line":17,"column":93}},"21":{"start":{"line":19,"column":33},"end":{"line":19,"column":456}},"22":{"start":{"line":19,"column":64},"end":{"line":19,"column":89}},"23":{"start":{"line":19,"column":91},"end":{"line":19,"column":453}},"24":{"start":{"line":19,"column":165},"end":{"line":19,"column":263}},"25":{"start":{"line":19,"column":182},"end":{"line":19,"column":195}},"26":{"start":{"line":19,"column":209},"end":{"line":19,"column":219}},"27":{"start":{"line":19,"column":239},"end":{"line":19,"column":253}},"28":{"start":{"line":19,"column":254},"end":{"line":19,"column":261}},"29":{"start":{"line":19,"column":264},"end":{"line":19,"column":426}},"30":{"start":{"line":19,"column":281},"end":{"line":19,"column":296}},"31":{"start":{"line":19,"column":306},"end":{"line":19,"column":424}},"32":{"start":{"line":19,"column":360},"end":{"line":19,"column":380}},"33":{"start":{"line":19,"column":401},"end":{"line":19,"column":420}},"34":{"start":{"line":19,"column":429},"end":{"line":19,"column":449}},"35":{"start":{"line":21,"column":50},"end":{"line":21,"column":151}},"36":{"start":{"line":21,"column":92},"end":{"line":21,"column":149}},"37":{"start":{"line":23,"column":0},"end":{"line":23,"column":22}},"38":{"start":{"line":25,"column":16},"end":{"line":25,"column":38}},"39":{"start":{"line":33,"column":10},"end":{"line":120,"column":3}},"40":{"start":{"line":35,"column":4},"end":{"line":35,"column":31}},"41":{"start":{"line":38,"column":2},"end":{"line":117,"column":6}},"42":{"start":{"line":49,"column":17},"end":{"line":69,"column":9}},"43":{"start":{"line":50,"column":21},"end":{"line":50,"column":98}},"44":{"start":{"line":52,"column":8},"end":{"line":68,"column":26}},"45":{"start":{"line":53,"column":10},"end":{"line":67,"column":11}},"46":{"start":{"line":54,"column":12},"end":{"line":66,"column":13}},"47":{"start":{"line":56,"column":16},"end":{"line":56,"column":34}},"48":{"start":{"line":57,"column":16},"end":{"line":57,"column":89}},"49":{"start":{"line":60,"column":16},"end":{"line":60,"column":38}},"50":{"start":{"line":61,"column":16},"end":{"line":61,"column":56}},"51":{"start":{"line":65,"column":16},"end":{"line":65,"column":39}},"52":{"start":{"line":72,"column":8},"end":{"line":72,"column":43}},"53":{"start":{"line":75,"column":6},"end":{"line":75,"column":27}},"54":{"start":{"line":89,"column":18},"end":{"line":109,"column":9}},"55":{"start":{"line":90,"column":21},"end":{"line":90,"column":98}},"56":{"start":{"line":92,"column":8},"end":{"line":108,"column":27}},"57":{"start":{"line":93,"column":10},"end":{"line":107,"column":11}},"58":{"start":{"line":94,"column":12},"end":{"line":106,"column":13}},"59":{"start":{"line":96,"column":16},"end":{"line":96,"column":35}},"60":{"start":{"line":97,"column":16},"end":{"line":97,"column":68}},"61":{"start":{"line":100,"column":16},"end":{"line":100,"column":41}},"62":{"start":{"line":101,"column":16},"end":{"line":101,"column":59}},"63":{"start":{"line":105,"column":16},"end":{"line":105,"column":40}},"64":{"start":{"line":112,"column":8},"end":{"line":112,"column":44}},"65":{"start":{"line":115,"column":6},"end":{"line":115,"column":25}},"66":{"start":{"line":119,"column":2},"end":{"line":119,"column":13}},"67":{"start":{"line":122,"column":0},"end":{"line":122,"column":22}}},"fnMap":{"0":{"name":"(anonymous_0)","decl":{"start":{"line":7,"column":19},"end":{"line":7,"column":20}},"loc":{"start":{"line":7,"column":31},"end":{"line":7,"column":561}},"line":7},"1":{"name":"defineProperties","decl":{"start":{"line":7,"column":42},"end":{"line":7,"column":58}},"loc":{"start":{"line":7,"column":74},"end":{"line":7,"column":349}},"line":7},"2":{"name":"(anonymous_2)","decl":{"start":{"line":7,"column":357},"end":{"line":7,"column":358}},"loc":{"start":{"line":7,"column":405},"end":{"line":7,"column":558}},"line":7},"3":{"name":"_interopRequireDefault","decl":{"start":{"line":17,"column":9},"end":{"line":17,"column":31}},"loc":{"start":{"line":17,"column":37},"end":{"line":17,"column":95}},"line":17},"4":{"name":"_asyncToGenerator","decl":{"start":{"line":19,"column":9},"end":{"line":19,"column":26}},"loc":{"start":{"line":19,"column":31},"end":{"line":19,"column":458}},"line":19},"5":{"name":"(anonymous_5)","decl":{"start":{"line":19,"column":40},"end":{"line":19,"column":41}},"loc":{"start":{"line":19,"column":52},"end":{"line":19,"column":455}},"line":19},"6":{"name":"(anonymous_6)","decl":{"start":{"line":19,"column":110},"end":{"line":19,"column":111}},"loc":{"start":{"line":19,"column":137},"end":{"line":19,"column":451}},"line":19},"7":{"name":"step","decl":{"start":{"line":19,"column":148},"end":{"line":19,"column":152}},"loc":{"start":{"line":19,"column":163},"end":{"line":19,"column":428}},"line":19},"8":{"name":"(anonymous_8)","decl":{"start":{"line":19,"column":341},"end":{"line":19,"column":342}},"loc":{"start":{"line":19,"column":358},"end":{"line":19,"column":382}},"line":19},"9":{"name":"(anonymous_9)","decl":{"start":{"line":19,"column":384},"end":{"line":19,"column":385}},"loc":{"start":{"line":19,"column":399},"end":{"line":19,"column":422}},"line":19},"10":{"name":"_classCallCheck","decl":{"start":{"line":21,"column":9},"end":{"line":21,"column":24}},"loc":{"start":{"line":21,"column":48},"end":{"line":21,"column":153}},"line":21},"11":{"name":"(anonymous_11)","decl":{"start":{"line":33,"column":10},"end":{"line":33,"column":11}},"loc":{"start":{"line":33,"column":22},"end":{"line":120,"column":1}},"line":33},"12":{"name":"Jwt","decl":{"start":{"line":34,"column":11},"end":{"line":34,"column":14}},"loc":{"start":{"line":34,"column":17},"end":{"line":36,"column":3}},"line":34},"13":{"name":"(anonymous_13)","decl":{"start":{"line":48,"column":11},"end":{"line":48,"column":12}},"loc":{"start":{"line":48,"column":23},"end":{"line":76,"column":5}},"line":48},"14":{"name":"_callee","decl":{"start":{"line":49,"column":82},"end":{"line":49,"column":89}},"loc":{"start":{"line":49,"column":99},"end":{"line":69,"column":7}},"line":49},"15":{"name":"_callee$","decl":{"start":{"line":52,"column":48},"end":{"line":52,"column":56}},"loc":{"start":{"line":52,"column":67},"end":{"line":68,"column":9}},"line":52},"16":{"name":"generateToken","decl":{"start":{"line":71,"column":15},"end":{"line":71,"column":28}},"loc":{"start":{"line":71,"column":33},"end":{"line":73,"column":7}},"line":71},"17":{"name":"(anonymous_17)","decl":{"start":{"line":88,"column":11},"end":{"line":88,"column":12}},"loc":{"start":{"line":88,"column":23},"end":{"line":116,"column":5}},"line":88},"18":{"name":"_callee2","decl":{"start":{"line":89,"column":83},"end":{"line":89,"column":91}},"loc":{"start":{"line":89,"column":99},"end":{"line":109,"column":7}},"line":89},"19":{"name":"_callee2$","decl":{"start":{"line":92,"column":48},"end":{"line":92,"column":57}},"loc":{"start":{"line":92,"column":69},"end":{"line":108,"column":9}},"line":92},"20":{"name":"verifyToken","decl":{"start":{"line":111,"column":15},"end":{"line":111,"column":26}},"loc":{"start":{"line":111,"column":32},"end":{"line":113,"column":7}},"line":111}},"branchMap":{"0":{"loc":{"start":{"line":7,"column":168},"end":{"line":7,"column":198}},"type":"binary-expr","locations":[{"start":{"line":7,"column":168},"end":{"line":7,"column":189}},{"start":{"line":7,"column":193},"end":{"line":7,"column":198}}],"line":7},"1":{"loc":{"start":{"line":7,"column":232},"end":{"line":7,"column":286}},"type":"if","locations":[{"start":{"line":7,"column":232},"end":{"line":7,"column":286}},{"start":{"line":7,"column":232},"end":{"line":7,"column":286}}],"line":7},"2":{"loc":{"start":{"line":7,"column":407},"end":{"line":7,"column":475}},"type":"if","locations":[{"start":{"line":7,"column":407},"end":{"line":7,"column":475}},{"start":{"line":7,"column":407},"end":{"line":7,"column":475}}],"line":7},"3":{"loc":{"start":{"line":7,"column":476},"end":{"line":7,"column":536}},"type":"if","locations":[{"start":{"line":7,"column":476},"end":{"line":7,"column":536}},{"start":{"line":7,"column":476},"end":{"line":7,"column":536}}],"line":7},"4":{"loc":{"start":{"line":17,"column":46},"end":{"line":17,"column":92}},"type":"cond-expr","locations":[{"start":{"line":17,"column":70},"end":{"line":17,"column":73}},{"start":{"line":17,"column":76},"end":{"line":17,"column":92}}],"line":17},"5":{"loc":{"start":{"line":17,"column":46},"end":{"line":17,"column":67}},"type":"binary-expr","locations":[{"start":{"line":17,"column":46},"end":{"line":17,"column":49}},{"start":{"line":17,"column":53},"end":{"line":17,"column":67}}],"line":17},"6":{"loc":{"start":{"line":19,"column":264},"end":{"line":19,"column":426}},"type":"if","locations":[{"start":{"line":19,"column":264},"end":{"line":19,"column":426}},{"start":{"line":19,"column":264},"end":{"line":19,"column":426}}],"line":19},"7":{"loc":{"start":{"line":21,"column":50},"end":{"line":21,"column":151}},"type":"if","locations":[{"start":{"line":21,"column":50},"end":{"line":21,"column":151}},{"start":{"line":21,"column":50},"end":{"line":21,"column":151}}],"line":21},"8":{"loc":{"start":{"line":50,"column":21},"end":{"line":50,"column":98}},"type":"cond-expr","locations":[{"start":{"line":50,"column":74},"end":{"line":50,"column":86}},{"start":{"line":50,"column":89},"end":{"line":50,"column":98}}],"line":50},"9":{"loc":{"start":{"line":50,"column":21},"end":{"line":50,"column":71}},"type":"binary-expr","locations":[{"start":{"line":50,"column":21},"end":{"line":50,"column":41}},{"start":{"line":50,"column":45},"end":{"line":50,"column":71}}],"line":50},"10":{"loc":{"start":{"line":54,"column":12},"end":{"line":66,"column":13}},"type":"switch","locations":[{"start":{"line":55,"column":14},"end":{"line":57,"column":89}},{"start":{"line":59,"column":14},"end":{"line":61,"column":56}},{"start":{"line":63,"column":14},"end":{"line":63,"column":21}},{"start":{"line":64,"column":14},"end":{"line":65,"column":39}}],"line":54},"11":{"loc":{"start":{"line":90,"column":21},"end":{"line":90,"column":98}},"type":"cond-expr","locations":[{"start":{"line":90,"column":74},"end":{"line":90,"column":86}},{"start":{"line":90,"column":89},"end":{"line":90,"column":98}}],"line":90},"12":{"loc":{"start":{"line":90,"column":21},"end":{"line":90,"column":71}},"type":"binary-expr","locations":[{"start":{"line":90,"column":21},"end":{"line":90,"column":41}},{"start":{"line":90,"column":45},"end":{"line":90,"column":71}}],"line":90},"13":{"loc":{"start":{"line":94,"column":12},"end":{"line":106,"column":13}},"type":"switch","locations":[{"start":{"line":95,"column":14},"end":{"line":97,"column":68}},{"start":{"line":99,"column":14},"end":{"line":101,"column":59}},{"start":{"line":103,"column":14},"end":{"line":103,"column":21}},{"start":{"line":104,"column":14},"end":{"line":105,"column":40}}],"line":94}},"s":{"0":1,"1":1,"2":1,"3":1,"4":2,"5":2,"6":2,"7":2,"8":2,"9":2,"10":1,"11":1,"12":0,"13":1,"14":1,"15":1,"16":1,"17":1,"18":1,"19":1,"20":1,"21":2,"22":22,"23":22,"24":44,"25":44,"26":44,"27":0,"28":0,"29":44,"30":22,"31":22,"32":22,"33":0,"34":22,"35":0,"36":0,"37":1,"38":1,"39":1,"40":0,"41":1,"42":1,"43":5,"44":5,"45":15,"46":15,"47":5,"48":5,"49":5,"50":5,"51":5,"52":5,"53":1,"54":1,"55":17,"56":17,"57":51,"58":51,"59":17,"60":17,"61":17,"62":17,"63":17,"64":17,"65":1,"66":1,"67":1},"f":{"0":1,"1":1,"2":1,"3":1,"4":2,"5":22,"6":22,"7":44,"8":22,"9":0,"10":0,"11":1,"12":0,"13":1,"14":5,"15":15,"16":5,"17":1,"18":17,"19":51,"20":17},"b":{"0":[2,2],"1":[2,0],"2":[0,1],"3":[1,0],"4":[0,1],"5":[1,1],"6":[22,22],"7":[0,0],"8":[0,5],"9":[5,0],"10":[5,5,0,5],"11":[0,17],"12":[17,0],"13":[17,17,0,17]},"inputSourceMap":{"version":3,"sources":["jwt.js"],"names":["secretKey","process","env","JWT_SECRET","Jwt","payload","secret","jwt","sign","expiresIn","token","verify","decoded"],"mappings":";;;;;;;;AAAA;;AACA;;;;AACA;;;;;;;;AAEA;;AAEA,IAAMA,YAAYC,QAAQC,GAAR,CAAYC,UAA9B;;AAEA;;;;;;IAKqBC,G;;;;;;;;AACnB;;;;;;;;0FAO2BC,O;YAASC,M,uEAASN,S;;;;;;;uBACvBO,uBAAIC,IAAJ,CAASH,OAAT,EAAkBC,MAAlB,EAA0B,EAAEG,WAAW,IAAb,EAA1B,C;;;AAAdC,qB;iDACCA,K;;;;;;;;;;;;;;;;;AAGT;;;;;;;;;;;4FAOyBA,K;YAAOJ,M,uEAASN,S;;;;;;;uBACjBO,uBAAII,MAAJ,CAAWD,KAAX,EAAkBJ,MAAlB,C;;;AAAhBM,uB;kDACCA,O;;;;;;;;;;;;;;;;;;;;;kBAtBUR,G","file":"jwt.js","sourceRoot":"C:/Users/UCHE/Desktop/projects/capStone-DevC/src/utiities","sourcesContent":["import { config } from 'dotenv';\r\nimport jwt from 'jsonwebtoken';\r\nimport 'dotenv/config';\r\n\r\nconfig();\r\n\r\nconst secretKey = process.env.JWT_SECRET;\r\n\r\n/**\r\n * @class Jwt\r\n * @description class for token generation and verification\r\n * @exports Jwt\r\n */\r\nexport default class Jwt {\r\n  /**\r\n   * @method generateToken\r\n   * @description Method to generate new token\r\n   * @param {object} payload - The data used to generate the token\r\n   * @param {string} secret - The secret key used to generate the token\r\n   * @returns {string} the generated token\r\n   */\r\n  static async generateToken(payload, secret = secretKey) {\r\n    const token = await jwt.sign(payload, secret, { expiresIn: '1d' });\r\n    return token;\r\n  }\r\n\r\n  /**\r\n   * @method verifyToken\r\n   * @description Method to decode the token\r\n   * @param {string} token - The token to be verified\r\n   * @param {string} secret - The secret key used to generate the token\r\n   * @returns {object} the payload decoded from the token\r\n   */\r\n  static async verifyToken(token, secret = secretKey) {\r\n    const decoded = await jwt.verify(token, secret);\r\n    return decoded;\r\n  }\r\n}\r\n"]},"_coverageSchema":"1a1c01bbd47fc00a2c39e90264f33305004495a9","hash":"3b96c4dc64b4117ac2de564a8860b05196d7567d","contentHash":"283a37e6bf6885c8b682e508d2500a706ee823422903f72cccc89f5cd357e9bd"},"C:\\Users\\UCHE\\Desktop\\projects\\capStone-DevC\\src\\utiities\\bcrypt.js":{"path":"C:\\Users\\UCHE\\Desktop\\projects\\capStone-DevC\\src\\utiities\\bcrypt.js","statementMap":{"0":{"start":{"line":3,"column":0},"end":{"line":5,"column":3}},"1":{"start":{"line":6,"column":0},"end":{"line":6,"column":59}},"2":{"start":{"line":8,"column":16},"end":{"line":8,"column":35}},"3":{"start":{"line":10,"column":17},"end":{"line":10,"column":50}},"4":{"start":{"line":12,"column":39},"end":{"line":12,"column":93}},"5":{"start":{"line":19,"column":17},"end":{"line":19,"column":19}},"6":{"start":{"line":20,"column":11},"end":{"line":20,"column":53}},"7":{"start":{"line":22,"column":19},"end":{"line":24,"column":1}},"8":{"start":{"line":23,"column":3},"end":{"line":23,"column":54}},"9":{"start":{"line":32,"column":22},"end":{"line":34,"column":1}},"10":{"start":{"line":33,"column":3},"end":{"line":33,"column":67}},"11":{"start":{"line":36,"column":0},"end":{"line":36,"column":36}},"12":{"start":{"line":37,"column":0},"end":{"line":37,"column":42}}},"fnMap":{"0":{"name":"_interopRequireDefault","decl":{"start":{"line":12,"column":9},"end":{"line":12,"column":31}},"loc":{"start":{"line":12,"column":37},"end":{"line":12,"column":95}},"line":12},"1":{"name":"hashPassword","decl":{"start":{"line":22,"column":28},"end":{"line":22,"column":40}},"loc":{"start":{"line":22,"column":51},"end":{"line":24,"column":1}},"line":22},"2":{"name":"comparePassword","decl":{"start":{"line":32,"column":31},"end":{"line":32,"column":46}},"loc":{"start":{"line":32,"column":73},"end":{"line":34,"column":1}},"line":32}},"branchMap":{"0":{"loc":{"start":{"line":12,"column":46},"end":{"line":12,"column":92}},"type":"cond-expr","locations":[{"start":{"line":12,"column":70},"end":{"line":12,"column":73}},{"start":{"line":12,"column":76},"end":{"line":12,"column":92}}],"line":12},"1":{"loc":{"start":{"line":12,"column":46},"end":{"line":12,"column":67}},"type":"binary-expr","locations":[{"start":{"line":12,"column":46},"end":{"line":12,"column":49}},{"start":{"line":12,"column":53},"end":{"line":12,"column":67}}],"line":12}},"s":{"0":1,"1":1,"2":1,"3":1,"4":1,"5":1,"6":1,"7":1,"8":1,"9":1,"10":4,"11":1,"12":1},"f":{"0":1,"1":1,"2":4},"b":{"0":[0,1],"1":[1,1]},"inputSourceMap":{"version":3,"sources":["bcrypt.js"],"names":["saltRounds","salt","bcrypt","genSaltSync","hashPassword","password","hashSync","comparePassword","hashedPassword","compareSync"],"mappings":";;;;;;;AAAA;;;;;;AACA;;;;;AAKA,IAAMA,aAAa,EAAnB;AACA,IAAMC,OAAOC,mBAAOC,WAAP,CAAmBH,UAAnB,CAAb;;AAEA,IAAMI,eAAe,SAAfA,YAAe,CAACC,QAAD;AAAA,UAAcH,mBAAOI,QAAP,CAAgBD,QAAhB,EAA0BJ,IAA1B,CAAd;AAAA,CAArB;;AAEA;;;;;;AAMA,IAAMM,kBAAkB,SAAlBA,eAAkB,CAACC,cAAD,EAAiBH,QAAjB;AAAA,UAA8BH,mBAAOO,WAAP,CAAmBJ,QAAnB,EAA6BG,cAA7B,CAA9B;AAAA,CAAxB;;QAESJ,Y,GAAAA,Y;QAAcG,e,GAAAA,e","file":"bcrypt.js","sourceRoot":"C:/Users/UCHE/Desktop/projects/capStone-DevC/src/utiities","sourcesContent":["import bcrypt from 'bcryptjs';\r\n/**\r\n   * Hash Password Method\r\n   * @param {string} password\r\n   * @returns {string} returns hashed password\r\n   */\r\nconst saltRounds = 10;\r\nconst salt = bcrypt.genSaltSync(saltRounds);\r\n\r\nconst hashPassword = (password) => bcrypt.hashSync(password, salt);\r\n\r\n/**\r\n   * comparePassword\r\n   * @param {string} hashedPassword\r\n   * @param {string} password\r\n   * @returns {Boolean} return True or False\r\n   */\r\nconst comparePassword = (hashedPassword, password) => bcrypt.compareSync(password, hashedPassword);\r\n\r\nexport { hashPassword, comparePassword };\r\n"]},"_coverageSchema":"1a1c01bbd47fc00a2c39e90264f33305004495a9","hash":"73f4d7ef6db8d032dcbebcbdd9faa3c9183849d0","contentHash":"be9be2d0a33f20c3853d0067de0d2e6da18cf540efe1fc38a1f8d078e4b69447"},"C:\\Users\\UCHE\\Desktop\\projects\\capStone-DevC\\src\\utiities\\renameFile.js":{"path":"C:\\Users\\UCHE\\Desktop\\projects\\capStone-DevC\\src\\utiities\\renameFile.js","statementMap":{"0":{"start":{"line":3,"column":0},"end":{"line":5,"column":3}},"1":{"start":{"line":7,"column":9},"end":{"line":7,"column":27}},"2":{"start":{"line":9,"column":10},"end":{"line":9,"column":36}},"3":{"start":{"line":11,"column":39},"end":{"line":11,"column":93}},"4":{"start":{"line":13,"column":0},"end":{"line":17,"column":2}},"5":{"start":{"line":14,"column":19},"end":{"line":14,"column":51}},"6":{"start":{"line":15,"column":17},"end":{"line":15,"column":62}},"7":{"start":{"line":16,"column":2},"end":{"line":16,"column":48}}},"fnMap":{"0":{"name":"_interopRequireDefault","decl":{"start":{"line":11,"column":9},"end":{"line":11,"column":31}},"loc":{"start":{"line":11,"column":37},"end":{"line":11,"column":95}},"line":11},"1":{"name":"(anonymous_1)","decl":{"start":{"line":13,"column":18},"end":{"line":13,"column":19}},"loc":{"start":{"line":13,"column":38},"end":{"line":17,"column":1}},"line":13}},"branchMap":{"0":{"loc":{"start":{"line":11,"column":46},"end":{"line":11,"column":92}},"type":"cond-expr","locations":[{"start":{"line":11,"column":70},"end":{"line":11,"column":73}},{"start":{"line":11,"column":76},"end":{"line":11,"column":92}}],"line":11},"1":{"loc":{"start":{"line":11,"column":46},"end":{"line":11,"column":67}},"type":"binary-expr","locations":[{"start":{"line":11,"column":46},"end":{"line":11,"column":49}},{"start":{"line":11,"column":53},"end":{"line":11,"column":67}}],"line":11}},"s":{"0":1,"1":1,"2":1,"3":1,"4":1,"5":1,"6":1,"7":1},"f":{"0":1,"1":1},"b":{"0":[0,1],"1":[1,1]},"inputSourceMap":{"version":3,"sources":["renameFile.js"],"names":["filename","uniqueName","split","mimeType","slice","lastIndexOf"],"mappings":";;;;;;AAAA;;;;;;kBAEe,UAACA,QAAD,EAAc;AAC3B,MAAMC,aAAa,mBAAOC,KAAP,CAAa,GAAb,EAAkB,CAAlB,CAAnB;AACA,MAAMC,WAAWH,SAASI,KAAT,CAAeJ,SAASK,WAAT,CAAqB,GAArB,IAA4B,CAA3C,CAAjB;AACA,oBAAgBJ,UAAhB,SAA8BE,QAA9B;AACD,C","file":"renameFile.js","sourceRoot":"C:/Users/UCHE/Desktop/projects/capStone-DevC/src/utiities","sourcesContent":["import uuid from 'uuid/v1';\r\n\r\nexport default (filename) => {\r\n  const uniqueName = uuid().split('-')[0];\r\n  const mimeType = filename.slice(filename.lastIndexOf('.') + 1);\r\n  return `image_${uniqueName}.${mimeType}`;\r\n};\r\n"]},"_coverageSchema":"1a1c01bbd47fc00a2c39e90264f33305004495a9","hash":"81b74778dff14f20ac451185af04ca1ed3ff3893","contentHash":"c5d08b680505aa7ee70e6d6fcb1bda5e70724fe0e1691682a7ec75f66b55bd91"},"C:\\Users\\UCHE\\Desktop\\projects\\capStone-DevC\\src\\utiities\\responses.js":{"path":"C:\\Users\\UCHE\\Desktop\\projects\\capStone-DevC\\src\\utiities\\responses.js","statementMap":{"0":{"start":{"line":3,"column":0},"end":{"line":5,"column":3}},"1":{"start":{"line":7,"column":15},"end":{"line":7,"column":256}},"2":{"start":{"line":7,"column":52},"end":{"line":7,"column":239}},"3":{"start":{"line":7,"column":65},"end":{"line":7,"column":66}},"4":{"start":{"line":7,"column":110},"end":{"line":7,"column":122}},"5":{"start":{"line":7,"column":124},"end":{"line":7,"column":237}},"6":{"start":{"line":7,"column":150},"end":{"line":7,"column":235}},"7":{"start":{"line":7,"column":207},"end":{"line":7,"column":233}},"8":{"start":{"line":7,"column":240},"end":{"line":7,"column":254}},"9":{"start":{"line":9,"column":16},"end":{"line":16,"column":1}},"10":{"start":{"line":18,"column":20},"end":{"line":20,"column":1}},"11":{"start":{"line":19,"column":2},"end":{"line":19,"column":62}},"12":{"start":{"line":22,"column":22},"end":{"line":32,"column":1}},"13":{"start":{"line":23,"column":16},"end":{"line":23,"column":88}},"14":{"start":{"line":24,"column":16},"end":{"line":24,"column":88}},"15":{"start":{"line":26,"column":2},"end":{"line":31,"column":5}},"16":{"start":{"line":34,"column":27},"end":{"line":40,"column":1}},"17":{"start":{"line":35,"column":17},"end":{"line":38,"column":3}},"18":{"start":{"line":39,"column":2},"end":{"line":39,"column":36}},"19":{"start":{"line":42,"column":0},"end":{"line":42,"column":38}},"20":{"start":{"line":43,"column":0},"end":{"line":43,"column":42}},"21":{"start":{"line":44,"column":0},"end":{"line":44,"column":52}}},"fnMap":{"0":{"name":"(anonymous_0)","decl":{"start":{"line":7,"column":32},"end":{"line":7,"column":33}},"loc":{"start":{"line":7,"column":50},"end":{"line":7,"column":256}},"line":7},"1":{"name":"errorResponse","decl":{"start":{"line":18,"column":29},"end":{"line":18,"column":42}},"loc":{"start":{"line":18,"column":65},"end":{"line":20,"column":1}},"line":18},"2":{"name":"successResponse","decl":{"start":{"line":22,"column":31},"end":{"line":22,"column":46}},"loc":{"start":{"line":22,"column":60},"end":{"line":32,"column":1}},"line":22},"3":{"name":"successResponseArray","decl":{"start":{"line":34,"column":36},"end":{"line":34,"column":56}},"loc":{"start":{"line":34,"column":81},"end":{"line":40,"column":1}},"line":34}},"branchMap":{"0":{"loc":{"start":{"line":7,"column":15},"end":{"line":7,"column":256}},"type":"binary-expr","locations":[{"start":{"line":7,"column":15},"end":{"line":7,"column":28}},{"start":{"line":7,"column":32},"end":{"line":7,"column":256}}],"line":7},"1":{"loc":{"start":{"line":7,"column":150},"end":{"line":7,"column":235}},"type":"if","locations":[{"start":{"line":7,"column":150},"end":{"line":7,"column":235}},{"start":{"line":7,"column":150},"end":{"line":7,"column":235}}],"line":7},"2":{"loc":{"start":{"line":23,"column":16},"end":{"line":23,"column":88}},"type":"cond-expr","locations":[{"start":{"line":23,"column":69},"end":{"line":23,"column":81}},{"start":{"line":23,"column":84},"end":{"line":23,"column":88}}],"line":23},"3":{"loc":{"start":{"line":23,"column":16},"end":{"line":23,"column":66}},"type":"binary-expr","locations":[{"start":{"line":23,"column":16},"end":{"line":23,"column":36}},{"start":{"line":23,"column":40},"end":{"line":23,"column":66}}],"line":23},"4":{"loc":{"start":{"line":24,"column":16},"end":{"line":24,"column":88}},"type":"cond-expr","locations":[{"start":{"line":24,"column":69},"end":{"line":24,"column":81}},{"start":{"line":24,"column":84},"end":{"line":24,"column":88}}],"line":24},"5":{"loc":{"start":{"line":24,"column":16},"end":{"line":24,"column":66}},"type":"binary-expr","locations":[{"start":{"line":24,"column":16},"end":{"line":24,"column":36}},{"start":{"line":24,"column":40},"end":{"line":24,"column":66}}],"line":24}},"s":{"0":1,"1":1,"2":0,"3":0,"4":0,"5":0,"6":0,"7":0,"8":0,"9":1,"10":1,"11":10,"12":1,"13":13,"14":13,"15":13,"16":1,"17":3,"18":3,"19":1,"20":1,"21":1},"f":{"0":0,"1":10,"2":13,"3":3},"b":{"0":[1,0],"1":[0,0],"2":[13,0],"3":[13,13],"4":[10,3],"5":[13,10]},"inputSourceMap":{"version":3,"sources":["responses.js"],"names":["statusRes","errorResponse","res","status","message","json","error","successResponse","payload","data","successResponseArray","arrayData","response"],"mappings":";;;;;;;;AAAA,IAAMA,YAAY;AAChB,OAAK,SADW;AAEhB,OAAK,sBAFW;AAGhB,OAAK,SAHW;AAIhB,OAAK,OAJW;AAKhB,OAAK,oBALW;AAMhB,OAAK;AANW,CAAlB;;AASA,IAAMC,gBAAgB,SAAhBA,aAAgB,CAACC,GAAD,EAAMC,MAAN,EAAcC,OAAd,EAA0B;AAC9CF,MAAIC,MAAJ,CAAWA,MAAX,EAAmBE,IAAnB,CAAwB,EAAEF,cAAF,EAAUG,OAAOF,OAAjB,EAAxB;AACD,CAFD;;AAIA,IAAMG,kBAAkB,SAAlBA,eAAkB,CAACL,GAAD,EAAMC,MAAN,EAAiD;AAAA,MAAnCC,OAAmC,uEAAzB,IAAyB;AAAA,MAAnBI,OAAmB,uEAAT,IAAS;;AACvEN,MAAIC,MAAJ,CAAWA,MAAX,EAAmBE,IAAnB,CAAwB;AACtBF,YAAQH,UAAUG,MAAV,CADc;AAEtBM;AACEL;AADF,OAEKI,OAFL;AAFsB,GAAxB;AAOD,CARD;;AAUA,IAAME,uBAAuB,SAAvBA,oBAAuB,CAACR,GAAD,EAAMC,MAAN,EAAcQ,SAAd,EAA4B;AACvD,MAAMC,WAAW;AACfT,YAAQH,UAAUG,MAAV,CADO;AAEfM,UAAME;AAFS,GAAjB;AAIAT,MAAIC,MAAJ,CAAWA,MAAX,EAAmBE,IAAnB,CAAwBO,QAAxB;AACD,CAND;;QAQSX,a,GAAAA,a;QAAeM,e,GAAAA,e;QAAiBG,oB,GAAAA,oB","file":"responses.js","sourceRoot":"C:/Users/UCHE/Desktop/projects/capStone-DevC/src/utiities","sourcesContent":["const statusRes = {\r\n  200: 'success',\r\n  401: 'Authentication error',\r\n  201: 'success',\r\n  400: 'error',\r\n  403: 'error, not allowed',\r\n  404: 'Error, not found'\r\n};\r\n\r\nconst errorResponse = (res, status, message) => {\r\n  res.status(status).json({ status, error: message });\r\n};\r\n\r\nconst successResponse = (res, status, message = null, payload = null) => {\r\n  res.status(status).json({\r\n    status: statusRes[status],\r\n    data: {\r\n      message,\r\n      ...payload\r\n    }\r\n  });\r\n};\r\n\r\nconst successResponseArray = (res, status, arrayData) => {\r\n  const response = {\r\n    status: statusRes[status],\r\n    data: arrayData\r\n  };\r\n  res.status(status).json(response);\r\n};\r\n\r\nexport { errorResponse, successResponse, successResponseArray };\r\n"]},"_coverageSchema":"1a1c01bbd47fc00a2c39e90264f33305004495a9","hash":"97e5948dcd1cd8ee817f73a700d616420ea42e50","contentHash":"10246ecda214b69a96a2e2a0cfdba3cd4b365a9eebafc9231aaa855f9da6a9c0"},"C:\\Users\\UCHE\\Desktop\\projects\\capStone-DevC\\src\\database\\query\\helper.js":{"path":"C:\\Users\\UCHE\\Desktop\\projects\\capStone-DevC\\src\\database\\query\\helper.js","statementMap":{"0":{"start":{"line":3,"column":0},"end":{"line":5,"column":3}},"1":{"start":{"line":6,"column":0},"end":{"line":6,"column":110}},"2":{"start":{"line":8,"column":13},"end":{"line":8,"column":32}},"3":{"start":{"line":10,"column":14},"end":{"line":10,"column":44}},"4":{"start":{"line":12,"column":18},"end":{"line":12,"column":63}},"5":{"start":{"line":14,"column":39},"end":{"line":14,"column":
[...]
ram","msg","isEmpty","status","json"],"mappings":";;;;;;AACA;;AACA;;;;;;oMAFA;;;kBAKe,UAACA,cAAD,EAAoB;AACjC,MAAMC,QAAQ,0BAAgBD,cAAhB,CAAd;AACA,sCACKC,KADL,IAEE,UAACC,GAAD,EAAMC,GAAN,EAAWC,IAAX,EAAoB;AAClB,QAAMC,SAAS,wCAAiBH,GAAjB,CAAf;AACA,QAAMI,cAAc,EAApB;AACAD,WAAOE,KAAP,GAAeC,OAAf,CAAuB,UAACC,KAAD,EAAW;AAChCH,kBAAYG,MAAMC,KAAlB,IAA2BD,MAAME,GAAjC;AACD,KAFD;AAGA,QAAI,CAACN,OAAOO,OAAP,EAAL,EAAuB;AACrBT,UAAIU,MAAJ,CAAW,GAAX,EAAgBC,IAAhB,CAAqB,EAAET,QAAQC,WAAV,EAArB;AACD;AACDF;AACD,GAZH;AAcD,C","file":"validate.js","sourceRoot":"C:/Users/UCHE/Desktop/projects/capStone-DevC/src/middlewares","sourcesContent":["/* eslint-disable import/no-named-as-default */\r\nimport { validationResult } from 'express-validator';\r\nimport validationFetch from '../validation';\r\n\r\n\r\nexport default (validationName) => {\r\n  const rules = validationFetch(validationName);\r\n  return [\r\n    ...rules,\r\n    (req, res, next) => {\r\n      const errors = validationResult(req);\r\n      const resErrorMsg = {};\r\n      errors.array().forEach((error) => {\r\n        resErrorMsg[error.param] = error.msg;\r\n      });\r\n      if (!errors.isEmpty()) {\r\n        res.status(422).json({ errors: resErrorMsg });\r\n      }\r\n      next();\r\n    }\r\n  ];\r\n};\r\n"]},"_coverageSchema":"1a1c01bbd47fc00a2c39e90264f33305004495a9","hash":"fe7359357e58d81e7ae83a1d829e7a283210dfce","contentHash":"0003cdbb8ea99311d71314f9349bf3a7ec9b037479f28d3bda131d5e7f82cf9a"},"C:\\Users\\UCHE\\Desktop\\projects\\capStone-DevC\\src\\validation\\index.js":{"path":"C:\\Users\\UCHE\\Desktop\\projects\\capStone-DevC\\src\\validation\\index.js","statementMap":{"0":{"start":{"line":3,"column":0},"end":{"line":5,"column":3}},"1":{"start":{"line":6,"column":0},"end":{"line":6,"column":36}},"2":{"start":{"line":8,"column":13},"end":{"line":8,"column":31}},"3":{"start":{"line":10,"column":22},"end":{"line":20,"column":1}},"4":{"start":{"line":11,"column":14},"end":{"line":17,"column":3}},"5":{"start":{"line":19,"column":2},"end":{"line":19,"column":31}},"6":{"start":{"line":21,"column":0},"end":{"line":21,"column":34}}},"fnMap":{"0":{"name":"validationFetch","decl":{"start":{"line":10,"column":57},"end":{"line":10,"column":72}},"loc":{"start":{"line":10,"column":89},"end":{"line":20,"column":1}},"line":10}},"branchMap":{},"s":{"0":1,"1":1,"2":1,"3":1,"4":8,"5":8,"6":1},"f":{"0":8},"b":{},"inputSourceMap":{"version":3,"sources":["index.js"],"names":["validationFetch","validationName","rules","userRegister","loginUser","createArticle","comment","createGif"],"mappings":";;;;;;;AACA;;AAEO,IAAMA,4CAAkB,SAAlBA,eAAkB,CAACC,cAAD,EAAoB;AACjD,MAAMC,QAAQ;AACZC,qCADY;AAEZC,+BAFY;AAGZC,uCAHY;AAIZC,2BAJY;AAKZC;AALY,GAAd;;AAQA,SAAOL,MAAMD,cAAN,CAAP;AACD,CAVM,C,CAHP;kBAeeD,e","file":"index.js","sourceRoot":"C:/Users/UCHE/Desktop/projects/capStone-DevC/src/validation","sourcesContent":["/* eslint-disable import/prefer-default-export */\r\nimport { userRegister, loginUser, createArticle, comment, createGif } from './rules';\r\n\r\nexport const validationFetch = (validationName) => {\r\n  const rules = {\r\n    userRegister,\r\n    loginUser,\r\n    createArticle,\r\n    comment,\r\n    createGif\r\n  };\r\n\r\n  return rules[validationName];\r\n};\r\n\r\nexport default validationFetch;\r\n"]},"_coverageSchema":"1a1c01bbd47fc00a2c39e90264f33305004495a9","hash":"4cfe5c40afbeefd3663b3d5e497e1659744e8ca0","contentHash":"22635a060ccdb67e205ef526e2ab3e2c3ce8bf93ce6dfebb9e4fe59b022f76c2"},"C:\\Users\\UCHE\\Desktop\\projects\\capStone-DevC\\src\\validation\\rules.js":{"path":"C:\\Users\\UCHE\\Desktop\\projects\\capStone-DevC\\src\\validation\\rules.js","statementMap":{"0":{"start":{"line":3,"column":0},"end":{"line":5,"column":3}},"1":{"start":{"line":6,"column":0},"end":{"line":6,"column":115}},"2":{"start":{"line":8,"column":24},"end":{"line":8,"column":52}},"3":{"start":{"line":10,"column":16},"end":{"line":10,"column":38}},"4":{"start":{"line":11,"column":19},"end":{"line":11,"column":1017}},"5":{"start":{"line":13,"column":16},"end":{"line":13,"column":253}},"6":{"start":{"line":15,"column":20},"end":{"line":15,"column":403}},"7":{"start":{"line":17,"column":14},"end":{"line":17,"column":142}},"8":{"start":{"line":19,"column":16},"end":{"line":19,"column":274}}},"fnMap":{},"branchMap":{},"s":{"0":1,"1":1,"2":1,"3":1,"4":1,"5":1,"6":1,"7":1,"8":1},"f":{},"b":{},"inputSourceMap":{"version":3,"sources":["rules.js"],"names":["nameRegex","userRegister","matches","trim","withMessage","isLength","min","not","isEmpty","isIn","isString","isEmail","max","loginUser","createArticle","optional","isBoolean","comment","createGif"],"mappings":";;;;;;;AACA;;AAEA,IAAMA,YAAY,sBAAlB,C,CAHA;AAMO,IAAMC,sCAAe,CAC1B,4BAAK,WAAL,EACGC,OADH,CACWF,SADX,EAEGG,IAFH,GAGGC,WAHH,CAGe,8DAHf,CAD0B,EAK1B,4BAAK,UAAL,EAAiBF,OAAjB,CAAyBF,SAAzB,EAAoCG,IAApC,GAA2CC,WAA3C,CAAuD,6DAAvD,CAL0B,EAM1B,4BAAK,UAAL,EAAiB,0CAAjB,EAA6DC,QAA7D,CAAsE,EAAEC,KAAK,CAAP,EAAtE,CAN0B,EAO1B,4BAAK,QAAL,EAAeC,GAAf,GAAqBC,OAArB,GAA+BL,IAA/B,GACGM,IADH,CACQ,CAAC,MAAD,EAAS,QAAT,CADR,EAEGL,WAFH,CAEe,+BAFf,CAP0B,EAU1B,4BAAK,SAAL,EAAgBG,GAAhB,GAAsBC,OAAtB,GACGE,QADH,GAEGN,WAFH,CAEe,mBAFf,EAGGD,IAHH,EAV0B,EAc1B,4BAAK,YAAL,EAAmBI,GAAnB,GAAyBC,OAAzB,GACGE,QADH,GAEGN,WAFH,CAEe,yBAFf,EAGGD,IAHH,EAd0B,EAkB1B,4BAAK,SAAL,EAAgBI,GAAhB,GAAsBC,OAAtB,GACGE,QADH,GAEGN,WAFH,CAEe,sBAFf,EAGGD,IAHH,EAlB0B,EAsB1B,4BAAK,OAAL,EAAc,8BAAd,EAA8CQ,OAA9C,GAAwDN,QAAxD,CAAiE,EAAEC,KAAK,CAAP,EAAUM,KAAK,GAAf,EAAjE,EAAuFT,IAAvF,EAtB0B,CAArB;;AAyBA,IAAMU,gCAAY,CACvB,4BAAK,OAAL,EAAcN,GAAd,GAAoBC,OAApB,GACGG,OADH,GAEGP,WAFH,CAEe,oBAFf,EAGGD,IAHH,EADuB,EAKvB,4BAAK,UAAL,EAAiBI,GAAjB,GAAuBC,OAAvB,GACGE,QADH,GAEGN,WAFH,CAEe,uBAFf,EAGGD,IAHH,EALuB,CAAlB;;AAWA,IAAMW,wCAAgB,CAC3B,4BAAK,OAAL,EAAcP,GAAd,GAAoBC,OAApB,GAA8BE,QAA9B,GACGN,WADH,CACe,6BADf,EAEGD,IAFH,EAD2B,EAI3B,4BAAK,SAAL,EAAgBI,GAAhB,GAAsBC,OAAtB,GAAgCE,QAAhC,GACGN,WADH,CACe,6BADf,EAEGD,IAFH,EAJ2B,EAO3B,4BAAK,OAAL,EAAcY,QAAd,GAAyBC,SAAzB,GAAqCZ,WAArC,CAAiD,oDAAjD,CAP2B,CAAtB;;AAWA,IAAMa,4BAAU,CACrB,4BAAK,SAAL,EAAgBV,GAAhB,GAAsBC,OAAtB,GAAgCE,QAAhC,GACGN,WADH,CACe,sBADf,EAEGD,IAFH,EADqB,CAAhB;;AAMA,IAAMe,gCAAY,CACvB,4BAAK,OAAL,EAAcX,GAAd,GAAoBC,OAApB,GAA8BE,QAA9B,GACGN,WADH,CACe,yBADf,EAEGD,IAFH,EADuB,EAIvB,4BAAK,OAAL,EAAcY,QAAd,GAAyBC,SAAzB,GAAqCZ,WAArC,CAAiD,oDAAjD,CAJuB,CAAlB","file":"rules.js","sourceRoot":"C:/Users/UCHE/Desktop/projects/capStone-DevC/src/validation","sourcesContent":["/* eslint-disable import/prefer-default-export */\r\nimport { body } from 'express-validator';\r\n\r\nconst nameRegex = /^[A-Za-z\\-']{2,250}$/;\r\n\r\n\r\nexport const userRegister = [\r\n  body('firstName')\r\n    .matches(nameRegex)\r\n    .trim()\r\n    .withMessage('firstName should be an alphabet between 2 and 250 characters'),\r\n  body('lastName').matches(nameRegex).trim().withMessage('lastName should be an alphabet between 2 and 250 characters'),\r\n  body('password', 'password should be at least 6 characters').isLength({ min: 6 }),\r\n  body('gender').not().isEmpty().trim()\r\n    .isIn(['male', 'female'])\r\n    .withMessage('please specify male or female'),\r\n  body('jobRole').not().isEmpty()\r\n    .isString()\r\n    .withMessage('Provide a jobRole')\r\n    .trim(),\r\n  body('department').not().isEmpty()\r\n    .isString()\r\n    .withMessage('Provide your department')\r\n    .trim(),\r\n  body('address').not().isEmpty()\r\n    .isString()\r\n    .withMessage('Provide your address')\r\n    .trim(),\r\n  body('email', 'Please provide a valid email').isEmail().isLength({ min: 3, max: 250 }).trim(),\r\n];\r\n\r\nexport const loginUser = [\r\n  body('email').not().isEmpty()\r\n    .isEmail()\r\n    .withMessage('Provide your Email')\r\n    .trim(),\r\n  body('password').not().isEmpty()\r\n    .isString()\r\n    .withMessage('Provide your password')\r\n    .trim()\r\n];\r\n\r\nexport const createArticle = [\r\n  body('title').not().isEmpty().isString()\r\n    .withMessage('Provide a title for article')\r\n    .trim(),\r\n  body('article').not().isEmpty().isString()\r\n    .withMessage('Provide a title for article')\r\n    .trim(),\r\n  body('share').optional().isBoolean().withMessage('Share should be true or false else default to true')\r\n];\r\n\r\n\r\nexport const comment = [\r\n  body('comment').not().isEmpty().isString()\r\n    .withMessage('Provide your comment')\r\n    .trim(),\r\n];\r\n\r\nexport const createGif = [\r\n  body('title').not().isEmpty().isString()\r\n    .withMessage('Provide a title for gif')\r\n    .trim(),\r\n  body('share').optional().isBoolean().withMessage('Share should be true or false else default to true')\r\n];\r\n"]},"_coverageSchema":"1a1c01bbd47fc00a2c39e90264f33305004495a9","hash":"f21db9ae2ff1bd114a0cdd0f13c74273dd037fbd","contentHash":"5f534568f4101b658d529a9047a1a069719312661efc0065bdbae443fd3cd673"},"C:\\Users\\UCHE\\Desktop\\projects\\capStone-DevC\\src\\routes\\api\\article.js":{"path":"C:\\Users\\UCHE\\Desktop\\projects\\capStone-DevC\\src\\routes\\api\\article.js","statementMap":{"0":{"start":{"line":3,"column":0},"end":{"line":5,"column":3}},"1":{"start":{"line":7,"column":15},"end":{"line":7,"column":33}},"2":{"start":{"line":9,"column":16},"end":{"line":9,"column":48}},"3":{"start":{"line":11,"column":19},"end":{"line":11,"column":47}},"4":{"start":{"line":13,"column":19},"end":{"line":13,"column":47}},"5":{"start":{"line":15,"column":39},"end":{"line":15,"column":93}},"6":{"start":{"line":17,"column":18},"end":{"line":17,"column":55}},"7":{"start":{"line":18,"column":20},"end":{"line":18,"column":64}},"8":{"start":{"line":19,"column":18},"end":{"line":19,"column":60}},"9":{"start":{"line":20,"column":17},"end":{"line":20,"column":58}},"10":{"start":{"line":21,"column":18},"end":{"line":21,"column":60}},"11":{"start":{"line":22,"column":17},"end":{"line":22,"column":58}},"12":{"start":{"line":23,"column":21},"end":{"line":23,"column":66}},"13":{"start":{"line":26,"column":13},"end":{"line":26,"column":39}},"14":{"start":{"line":28,"column":0},"end":{"line":28,"column":42}},"15":{"start":{"line":30,"column":0},"end":{"line":30,"column":44}},"16":{"start":{"line":32,"column":0},"end":{"line":32,"column":90}},"17":{"start":{"line":34,"column":0},"end":{"line":34,"column":92}},"18":{"start":{"line":36,"column":0},"end":{"line":36,"column":96}},"19":{"start":{"line":38,"column":0},"end":{"line":38,"column":47}},"20":{"start":{"line":40,"column":0},"end":{"line":40,"column":25}}},"fnMap":{"0":{"name":"_interopRequireDefault","decl":{"start":{"line":15,"column":9},"end":{"line":15,"column":31}},"loc":{"start":{"line":15,"column":37},"end":{"line":15,"column":95}},"line":15}},"branchMap":{"0":{"loc":{"start":{"line":15,"column":46},"end":{"line":15,"column":92}},"type":"cond-expr","locations":[{"start":{"line":15,"column":70},"end":{"line":15,"column":73}},{"start":{"line":15,"column":76},"end":{"line":15,"column":92}}],"line":15},"1":{"loc":{"start":{"line":15,"column":46},"end":{"line":15,"column":67}},"type":"binary-expr","locations":[{"start":{"line":15,"column":46},"end":{"line":15,"column":49}},{"start":{"line":15,"column":53},"end":{"line":15,"column":67}}],"line":15}},"s":{"0":1,"1":1,"2":1,"3":1,"4":1,"5":1,"6":1,"7":1,"8":1,"9":1,"10":1,"11":1,"12":1,"13":1,"14":1,"15":1,"16":1,"17":1,"18":1,"19":1,"20":1},"f":{"0":1},"b":{"0":[0,1],"1":[1,1]},"inputSourceMap":{"version":3,"sources":["article.js"],"names":["verifyToken","Authenticate","createArticle","ArticleController","editArticle","deleteItem","getArticles","getArticle","commentArticle","router","express","Router","get","post","patch","delete"],"mappings":";;;;;;AAAA;;;;AACA;;AACA;;;;IAEQA,W,GAAgBC,yB,CAAhBD,W;IAENE,a,GACEC,8B,CADFD,a;IAAeE,W,GACbD,8B,CADaC,W;IAAaC,U,GAC1BF,8B,CAD0BE,U;IAAYC,W,GACtCH,8B,CADsCG,W;IAAaC,U,GACnDJ,8B,CADmDI,U;IAAYC,c,GAC/DL,8B,CAD+DK,c;;;AAGnE,IAAMC,SAASC,kBAAQC,MAAR,EAAf;;AAEAF,OAAOG,GAAP,CAAW,GAAX,EAAgBZ,WAAhB,EAA6BM,WAA7B;;AAEAG,OAAOG,GAAP,CAAW,MAAX,EAAmBZ,WAAnB,EAAgCO,UAAhC;;AAEAE,OAAOI,IAAP,CAAY,GAAZ,EAAiB,2BAAS,eAAT,CAAjB,EAA4Cb,WAA5C,EAAyDE,aAAzD;;AAEAO,OAAOK,KAAP,CAAa,MAAb,EAAqB,2BAAS,eAAT,CAArB,EAAgDd,WAAhD,EAA6DI,WAA7D;;AAEAK,OAAOI,IAAP,CAAY,cAAZ,EAA4B,2BAAS,SAAT,CAA5B,EAAiDb,WAAjD,EAA8DQ,cAA9D;;AAEAC,OAAOM,MAAP,CAAc,MAAd,EAAsBf,WAAtB,EAAmCK,UAAnC;;kBAEeI,M","file":"article.js","sourceRoot":"C:/Users/UCHE/Desktop/projects/capStone-DevC/src/routes/api","sourcesContent":["import express from 'express';\r\nimport { validate, Authenticate } from '../../middlewares';\r\nimport { ArticleController } from '../../controllers';\r\n\r\nconst { verifyToken } = Authenticate;\r\nconst {\r\n  createArticle, editArticle, deleteItem, getArticles, getArticle, commentArticle\r\n} = ArticleController;\r\n\r\nconst router = express.Router();\r\n\r\nrouter.get('/', verifyToken, getArticles);\r\n\r\nrouter.get('/:id', verifyToken, getArticle)\r\n\r\nrouter.post('/', validate('createArticle'), verifyToken, createArticle);\r\n\r\nrouter.patch('/:id', validate('createArticle'), verifyToken, editArticle);\r\n\r\nrouter.post('/:id/comment', validate('comment'), verifyToken, commentArticle);\r\n\r\nrouter.delete('/:id', verifyToken, deleteItem);\r\n\r\nexport default router;\r\n"]},"_coverageSchema":"1a1c01bbd47fc00a2c39e90264f33305004495a9","hash":"621dbdb11da757ab013b7490c877017552c192a6","contentHash":"5dd6d3c2e913e641f7ff63c4735c9ce7b653d3f0bb7b2b6651bb93e224ee88a4"},"C:\\Users\\UCHE\\Desktop\\projects\\capStone-DevC\\src\\routes\\api\\gif.js":{"path":"C:\\Users\\UCHE\\Desktop\\projects\\capStone-DevC\\src\\routes\\api\\gif.js","statementMap":{"0":{"start":{"line":3,"column":0},"end":{"line":5,"column":3}},"1":{"start":{"line":7,"column":15},"end":{"line":7,"column":33}},"2":{"start":{"line":9,"column":16},"end":{"line":9,"column":48}},"3":{"start":{"line":11,"column":19},"end":{"line":11,"column":47}},"4":{"start":{"line":13,"column":19},"end":{"line":13,"column":47}},"5":{"start":{"line":15,"column":39},"end":{"line":15,"column":93}},"6":{"start":{"line":17,"column":18},"end":{"line":17,"column":55}},"7":{"start":{"line":18,"column":16},"end":{"line":18,"column":52}},"8":{"start":{"line":19,"column":13},"end":{"line":19,"column":46}},"9":{"start":{"line":20,"column":16},"end":{"line":20,"column":52}},"10":{"start":{"line":21,"column":17},"end":{"line":21,"column":54}},"11":{"start":{"line":24,"column":13},"end":{"line":24,"column":39}},"12":{"start":{"line":26,"column":0},"end":{"line":26,"column":82}},"13":{"start":{"line":28,"column":0},"end":{"line":28,"column":40}},"14":{"start":{"line":30,"column":0},"end":{"line":30,"column":46}},"15":{"start":{"line":32,"column":0},"end":{"line":32,"column":92}},"16":{"start":{"line":34,"column":0},"end":{"line":34,"column":25}}},"fnMap":{"0":{"name":"_interopRequireDefault","decl":{"start":{"line":15,"column":9},"end":{"line":15,"column":31}},"loc":{"start":{"line":15,"column":37},"end":{"line":15,"column":95}},"line":15}},"branchMap":{"0":{"loc":{"start":{"line":15,"column":46},"end":{"line":15,"column":92}},"type":"cond-expr","locations":[{"start":{"line":15,"column":70},"end":{"line":15,"column":73}},{"start":{"line":15,"column":76},"end":{"line":15,"column":92}}],"line":15},"1":{"loc":{"start":{"line":15,"column":46},"end":{"line":15,"column":67}},"type":"binary-expr","locations":[{"start":{"line":15,"column":46},"end":{"line":15,"column":49}},{"start":{"line":15,"column":53},"end":{"line":15,"column":67}}],"line":15}},"s":{"0":1,"1":1,"2":1,"3":1,"4":1,"5":1,"6":1,"7":1,"8":1,"9":1,"10":1,"11":1,"12":1,"13":1,"14":1,"15":1,"16":1},"f":{"0":1},"b":{"0":[0,1],"1":[1,1]},"inputSourceMap":{"version":3,"sources":["gif.js"],"names":["verifyToken","Authenticate","createGif","GifController","getGif","deleteGif","commentGif","router","express","Router","post","get","delete"],"mappings":";;;;;;AAAA;;;;AACA;;AACA;;;;IAEQA,W,GAAgBC,yB,CAAhBD,W;IAENE,S,GACEC,0B,CADFD,S;IAAWE,M,GACTD,0B,CADSC,M;IAAQC,S,GACjBF,0B,CADiBE,S;IAAWC,U,GAC5BH,0B,CAD4BG,U;;;AAGhC,IAAMC,SAASC,kBAAQC,MAAR,EAAf;;AAEAF,OAAOG,IAAP,CAAY,GAAZ,EAAiB,2BAAS,WAAT,CAAjB,EAAwCV,WAAxC,EAAqDE,SAArD;;AAEAK,OAAOI,GAAP,CAAW,MAAX,EAAmBX,WAAnB,EAAgCI,MAAhC;;AAEAG,OAAOK,MAAP,CAAc,MAAd,EAAsBZ,WAAtB,EAAmCK,SAAnC;;AAEAE,OAAOG,IAAP,CAAY,cAAZ,EAA4B,2BAAS,SAAT,CAA5B,EAAiDV,WAAjD,EAA8DM,UAA9D;;kBAEeC,M","file":"gif.js","sourceRoot":"C:/Users/UCHE/Desktop/projects/capStone-DevC/src/routes/api","sourcesContent":["import express from 'express';\r\nimport { validate, Authenticate } from '../../middlewares';\r\nimport { GifController } from '../../controllers';\r\n\r\nconst { verifyToken } = Authenticate;\r\nconst {\r\n  createGif, getGif, deleteGif, commentGif\r\n} = GifController;\r\n\r\nconst router = express.Router();\r\n\r\nrouter.post('/', validate('createGif'), verifyToken, createGif);\r\n\r\nrouter.get('/:id', verifyToken, getGif);\r\n\r\nrouter.delete('/:id', verifyToken, deleteGif);\r\n\r\nrouter.post('/:id/comment', validate('comment'), verifyToken, commentGif);\r\n\r\nexport default router;\r\n"]},"_coverageSchema":"1a1c01bbd47fc00a2c39e90264f33305004495a9","hash":"65e3719bda3c1e7238be48ee87a706af4c84d9ee","contentHash":"46b432cff35becbe8f75f5374321f7b47676f4055e70ecc30a5b08ddb53f0b12"},"C:\\Users\\UCHE\\Desktop\\projects\\capStone-DevC\\src\\routes\\api\\feed.js":{"path":"C:\\Users\\UCHE\\Desktop\\projects\\capStone-DevC\\src\\routes\\api\\feed.js","statementMap":{"0":{"start":{"line":3,"column":0},"end":{"line":5,"column":3}},"1":{"start":{"line":7,"column":15},"end":{"line":7,"column":33}},"2":{"start":{"line":9,"column":16},"end":{"line":9,"column":48}},"3":{"start":{"line":11,"column":19},"end":{"line":11,"column":47}},"4":{"start":{"line":13,"column":19},"end":{"line":13,"column":47}},"5":{"start":{"line":15,"column":39},"end":{"line":15,"column":93}},"6":{"start":{"line":17,"column":18},"end":{"line":17,"column":55}},"7":{"start":{"line":18,"column":15},"end":{"line":18,"column":51}},"8":{"start":{"line":21,"column":13},"end":{"line":21,"column":39}},"9":{"start":{"line":28,"column":0},"end":{"line":28,"column":39}},"10":{"start":{"line":30,"column":0},"end":{"line":30,"column":25}}},"fnMap":{"0":{"name":"_interopRequireDefault","decl":{"start":{"line":15,"column":9},"end":{"line":15,"column":31}},"loc":{"start":{"line":15,"column":37},"end":{"line":15,"column":95}},"line":15}},"branchMap":{"0":{"loc":{"start":{"line":15,"column":46},"end":{"line":15,"column":92}},"type":"cond-expr","locations":[{"start":{"line":15,"column":70},"end":{"line":15,"column":73}},{"start":{"line":15,"column":76},"end":{"line":15,"column":92}}],"line":15},"1":{"loc":{"start":{"line":15,"column":46},"end":{"line":15,"column":67}},"type":"binary-expr","locations":[{"start":{"line":15,"column":46},"end":{"line":15,"column":49}},{"start":{"line":15,"column":53},"end":{"line":15,"column":67}}],"line":15}},"s":{"0":1,"1":1,"2":1,"3":1,"4":1,"5":1,"6":1,"7":1,"8":1,"9":1,"10":1},"f":{"0":1},"b":{"0":[0,1],"1":[1,1]},"inputSourceMap":{"version":3,"sources":["feed.js"],"names":["verifyToken","Authenticate","getFeeds","FeedController","router","express","Router","get"],"mappings":";;;;;;AAAA;;;;AACA;;AACA;;;;IAEQA,W,GAAgBC,yB,CAAhBD,W;IACAE,Q,GAAaC,2B,CAAbD,Q;;;AAER,IAAME,SAASC,kBAAQC,MAAR,EAAf;;AAEA;;;;;AAKAF,OAAOG,GAAP,CAAW,GAAX,EAAgBP,WAAhB,EAA6BE,QAA7B;;kBAEeE,M","file":"feed.js","sourceRoot":"C:/Users/UCHE/Desktop/projects/capStone-DevC/src/routes/api","sourcesContent":["import express from 'express';\r\nimport { Authenticate } from '../../middlewares';\r\nimport { FeedController } from '../../controllers';\r\n\r\nconst { verifyToken } = Authenticate;\r\nconst { getFeeds } = FeedController;\r\n\r\nconst router = express.Router();\r\n\r\n/*\r\n  @Description: endpoint users to get feeds\r\n  @Access: private authenticated users can get feeds\r\n  @Route: GET <domain>/api/v1/feeds\r\n*/\r\nrouter.get('/', verifyToken, getFeeds);\r\n\r\nexport default router;\r\n"]},"_coverageSchema":"1a1c01bbd47fc00a2c39e90264f33305004495a9","hash":"c7935e0dda3a424cbac60ce15ac6c2c1dfb5a937","contentHash":"6d089873a4b43c239c1571378c9a091f4557f80ec703403e9fb8163ba27c527e"}}